<?xml version="1.0" encoding="UTF-8"?>
<testsuite xmlns:xsi="http://www.w3.org/2001/XMLSchema-instance" xsi:noNamespaceSchemaLocation="https://maven.apache.org/surefire/maven-surefire-plugin/xsd/surefire-test-report.xsd" name="com.yeweiyang.token.Test1114ApplicationTests" time="1.607" tests="3" errors="3" skipped="0" failures="0">
  <properties>
    <property name="gopherProxySet" value="false"/>
    <property name="awt.toolkit" value="sun.lwawt.macosx.LWCToolkit"/>
    <property name="socksProxyHost" value="127.0.0.1"/>
    <property name="http.proxyHost" value="127.0.0.1"/>
    <property name="java.specification.version" value="1.8"/>
    <property name="file.encoding.pkg" value="sun.io"/>
    <property name="sun.cpu.isalist" value=""/>
    <property name="sun.jnu.encoding" value="UTF-8"/>
    <property name="java.class.path" value="/Users/jay/Desktop/Java/GitHubProject/saTokenTest/saTokenDemo/target/test-classes:/Users/jay/Desktop/Java/GitHubProject/saTokenTest/saTokenDemo/target/classes:/Users/jay/Desktop/Java/learn/maven_repository/org/projectlombok/lombok/1.16.20/lombok-1.16.20.jar:/Users/jay/Desktop/Java/learn/maven_repository/org/springframework/boot/spring-boot-starter-web/2.4.1/spring-boot-starter-web-2.4.1.jar:/Users/jay/Desktop/Java/learn/maven_repository/org/springframework/boot/spring-boot-starter/2.4.1/spring-boot-starter-2.4.1.jar:/Users/jay/Desktop/Java/learn/maven_repository/org/springframework/boot/spring-boot/2.4.1/spring-boot-2.4.1.jar:/Users/jay/Desktop/Java/learn/maven_repository/org/springframework/boot/spring-boot-starter-logging/2.4.1/spring-boot-starter-logging-2.4.1.jar:/Users/jay/Desktop/Java/learn/maven_repository/ch/qos/logback/logback-classic/1.2.3/logback-classic-1.2.3.jar:/Users/jay/Desktop/Java/learn/maven_repository/org/apache/logging/log4j/log4j-to-slf4j/2.13.3/log4j-to-slf4j-2.13.3.jar:/Users/jay/Desktop/Java/learn/maven_repository/org/apache/logging/log4j/log4j-api/2.13.3/log4j-api-2.13.3.jar:/Users/jay/Desktop/Java/learn/maven_repository/org/slf4j/jul-to-slf4j/1.7.30/jul-to-slf4j-1.7.30.jar:/Users/jay/Desktop/Java/learn/maven_repository/jakarta/annotation/jakarta.annotation-api/1.3.5/jakarta.annotation-api-1.3.5.jar:/Users/jay/Desktop/Java/learn/maven_repository/org/yaml/snakeyaml/1.27/snakeyaml-1.27.jar:/Users/jay/Desktop/Java/learn/maven_repository/org/springframework/boot/spring-boot-starter-json/2.4.1/spring-boot-starter-json-2.4.1.jar:/Users/jay/Desktop/Java/learn/maven_repository/com/fasterxml/jackson/core/jackson-databind/2.11.3/jackson-databind-2.11.3.jar:/Users/jay/Desktop/Java/learn/maven_repository/com/fasterxml/jackson/core/jackson-core/2.11.3/jackson-core-2.11.3.jar:/Users/jay/Desktop/Java/learn/maven_repository/com/fasterxml/jackson/datatype/jackson-datatype-jdk8/2.11.3/jackson-datatype-jdk8-2.11.3.jar:/Users/jay/Desktop/Java/learn/maven_repository/com/fasterxml/jackson/datatype/jackson-datatype-jsr310/2.11.3/jackson-datatype-jsr310-2.11.3.jar:/Users/jay/Desktop/Java/learn/maven_repository/com/fasterxml/jackson/module/jackson-module-parameter-names/2.11.3/jackson-module-parameter-names-2.11.3.jar:/Users/jay/Desktop/Java/learn/maven_repository/org/springframework/boot/spring-boot-starter-tomcat/2.4.1/spring-boot-starter-tomcat-2.4.1.jar:/Users/jay/Desktop/Java/learn/maven_repository/org/apache/tomcat/embed/tomcat-embed-core/9.0.41/tomcat-embed-core-9.0.41.jar:/Users/jay/Desktop/Java/learn/maven_repository/org/glassfish/jakarta.el/3.0.3/jakarta.el-3.0.3.jar:/Users/jay/Desktop/Java/learn/maven_repository/org/apache/tomcat/embed/tomcat-embed-websocket/9.0.41/tomcat-embed-websocket-9.0.41.jar:/Users/jay/Desktop/Java/learn/maven_repository/org/springframework/spring-web/5.3.2/spring-web-5.3.2.jar:/Users/jay/Desktop/Java/learn/maven_repository/org/springframework/spring-webmvc/5.3.2/spring-webmvc-5.3.2.jar:/Users/jay/Desktop/Java/learn/maven_repository/org/springframework/spring-aop/5.3.2/spring-aop-5.3.2.jar:/Users/jay/Desktop/Java/learn/maven_repository/org/springframework/spring-context/5.3.2/spring-context-5.3.2.jar:/Users/jay/Desktop/Java/learn/maven_repository/org/springframework/spring-expression/5.3.2/spring-expression-5.3.2.jar:/Users/jay/Desktop/Java/learn/maven_repository/org/springframework/boot/spring-boot-starter-test/2.4.1/spring-boot-starter-test-2.4.1.jar:/Users/jay/Desktop/Java/learn/maven_repository/org/springframework/boot/spring-boot-test/2.4.1/spring-boot-test-2.4.1.jar:/Users/jay/Desktop/Java/learn/maven_repository/org/springframework/boot/spring-boot-test-autoconfigure/2.4.1/spring-boot-test-autoconfigure-2.4.1.jar:/Users/jay/Desktop/Java/learn/maven_repository/com/jayway/jsonpath/json-path/2.4.0/json-path-2.4.0.jar:/Users/jay/Desktop/Java/learn/maven_repository/net/minidev/json-smart/2.3/json-smart-2.3.jar:/Users/jay/Desktop/Java/learn/maven_repository/net/minidev/accessors-smart/1.2/accessors-smart-1.2.jar:/Users/jay/Desktop/Java/learn/maven_repository/org/ow2/asm/asm/5.0.4/asm-5.0.4.jar:/Users/jay/Desktop/Java/learn/maven_repository/jakarta/xml/bind/jakarta.xml.bind-api/2.3.3/jakarta.xml.bind-api-2.3.3.jar:/Users/jay/Desktop/Java/learn/maven_repository/jakarta/activation/jakarta.activation-api/1.2.2/jakarta.activation-api-1.2.2.jar:/Users/jay/Desktop/Java/learn/maven_repository/org/assertj/assertj-core/3.18.1/assertj-core-3.18.1.jar:/Users/jay/Desktop/Java/learn/maven_repository/org/hamcrest/hamcrest/2.2/hamcrest-2.2.jar:/Users/jay/Desktop/Java/learn/maven_repository/org/junit/jupiter/junit-jupiter/5.7.0/junit-jupiter-5.7.0.jar:/Users/jay/Desktop/Java/learn/maven_repository/org/junit/jupiter/junit-jupiter-api/5.7.0/junit-jupiter-api-5.7.0.jar:/Users/jay/Desktop/Java/learn/maven_repository/org/apiguardian/apiguardian-api/1.1.0/apiguardian-api-1.1.0.jar:/Users/jay/Desktop/Java/learn/maven_repository/org/opentest4j/opentest4j/1.2.0/opentest4j-1.2.0.jar:/Users/jay/Desktop/Java/learn/maven_repository/org/junit/platform/junit-platform-commons/1.7.0/junit-platform-commons-1.7.0.jar:/Users/jay/Desktop/Java/learn/maven_repository/org/junit/jupiter/junit-jupiter-params/5.7.0/junit-jupiter-params-5.7.0.jar:/Users/jay/Desktop/Java/learn/maven_repository/org/junit/jupiter/junit-jupiter-engine/5.7.0/junit-jupiter-engine-5.7.0.jar:/Users/jay/Desktop/Java/learn/maven_repository/org/junit/platform/junit-platform-engine/1.7.0/junit-platform-engine-1.7.0.jar:/Users/jay/Desktop/Java/learn/maven_repository/org/mockito/mockito-core/3.6.28/mockito-core-3.6.28.jar:/Users/jay/Desktop/Java/learn/maven_repository/net/bytebuddy/byte-buddy/1.10.18/byte-buddy-1.10.18.jar:/Users/jay/Desktop/Java/learn/maven_repository/net/bytebuddy/byte-buddy-agent/1.10.18/byte-buddy-agent-1.10.18.jar:/Users/jay/Desktop/Java/learn/maven_repository/org/objenesis/objenesis/3.1/objenesis-3.1.jar:/Users/jay/Desktop/Java/learn/maven_repository/org/mockito/mockito-junit-jupiter/3.6.28/mockito-junit-jupiter-3.6.28.jar:/Users/jay/Desktop/Java/learn/maven_repository/org/skyscreamer/jsonassert/1.5.0/jsonassert-1.5.0.jar:/Users/jay/Desktop/Java/learn/maven_repository/com/vaadin/external/google/android-json/0.0.20131108.vaadin1/android-json-0.0.20131108.vaadin1.jar:/Users/jay/Desktop/Java/learn/maven_repository/org/springframework/spring-core/5.3.2/spring-core-5.3.2.jar:/Users/jay/Desktop/Java/learn/maven_repository/org/springframework/spring-jcl/5.3.2/spring-jcl-5.3.2.jar:/Users/jay/Desktop/Java/learn/maven_repository/org/springframework/spring-test/5.3.2/spring-test-5.3.2.jar:/Users/jay/Desktop/Java/learn/maven_repository/org/xmlunit/xmlunit-core/2.7.0/xmlunit-core-2.7.0.jar:/Users/jay/Desktop/Java/learn/maven_repository/org/springframework/spring-jdbc/5.3.13/spring-jdbc-5.3.13.jar:/Users/jay/Desktop/Java/learn/maven_repository/org/springframework/spring-beans/5.3.2/spring-beans-5.3.2.jar:/Users/jay/Desktop/Java/learn/maven_repository/org/springframework/spring-tx/5.3.2/spring-tx-5.3.2.jar:/Users/jay/Desktop/Java/learn/maven_repository/mysql/mysql-connector-java/8.0.22/mysql-connector-java-8.0.22.jar:/Users/jay/Desktop/Java/learn/maven_repository/com/baomidou/mybatis-plus-boot-starter/3.1.1/mybatis-plus-boot-starter-3.1.1.jar:/Users/jay/Desktop/Java/learn/maven_repository/com/baomidou/mybatis-plus/3.1.1/mybatis-plus-3.1.1.jar:/Users/jay/Desktop/Java/learn/maven_repository/com/baomidou/mybatis-plus-extension/3.1.1/mybatis-plus-extension-3.1.1.jar:/Users/jay/Desktop/Java/learn/maven_repository/com/baomidou/mybatis-plus-core/3.1.1/mybatis-plus-core-3.1.1.jar:/Users/jay/Desktop/Java/learn/maven_repository/com/baomidou/mybatis-plus-annotation/3.1.1/mybatis-plus-annotation-3.1.1.jar:/Users/jay/Desktop/Java/learn/maven_repository/com/github/jsqlparser/jsqlparser/1.2/jsqlparser-1.2.jar:/Users/jay/Desktop/Java/learn/maven_repository/org/mybatis/mybatis/3.5.1/mybatis-3.5.1.jar:/Users/jay/Desktop/Java/learn/maven_repository/org/mybatis/mybatis-spring/2.0.1/mybatis-spring-2.0.1.jar:/Users/jay/Desktop/Java/learn/maven_repository/org/springframework/boot/spring-boot-autoconfigure/2.4.1/spring-boot-autoconfigure-2.4.1.jar:/Users/jay/Desktop/Java/learn/maven_repository/org/springframework/boot/spring-boot-starter-jdbc/2.4.1/spring-boot-starter-jdbc-2.4.1.jar:/Users/jay/Desktop/Java/learn/maven_repository/com/zaxxer/HikariCP/3.4.5/HikariCP-3.4.5.jar:/Users/jay/Desktop/Java/learn/maven_repository/cn/afterturn/easypoi-base/4.0.0/easypoi-base-4.0.0.jar:/Users/jay/Desktop/Java/learn/maven_repository/org/apache/poi/poi/4.0.0/poi-4.0.0.jar:/Users/jay/Desktop/Java/learn/maven_repository/commons-codec/commons-codec/1.15/commons-codec-1.15.jar:/Users/jay/Desktop/Java/learn/maven_repository/org/apache/commons/commons-collections4/4.2/commons-collections4-4.2.jar:/Users/jay/Desktop/Java/learn/maven_repository/org/apache/poi/poi-ooxml/4.0.0/poi-ooxml-4.0.0.jar:/Users/jay/Desktop/Java/learn/maven_repository/org/apache/commons/commons-compress/1.18/commons-compress-1.18.jar:/Users/jay/Desktop/Java/learn/maven_repository/com/github/virtuald/curvesapi/1.04/curvesapi-1.04.jar:/Users/jay/Desktop/Java/learn/maven_repository/com/google/guava/guava/16.0.1/guava-16.0.1.jar:/Users/jay/Desktop/Java/learn/maven_repository/ognl/ognl/3.2.6/ognl-3.2.6.jar:/Users/jay/Desktop/Java/learn/maven_repository/org/javassist/javassist/3.20.0-GA/javassist-3.20.0-GA.jar:/Users/jay/Desktop/Java/learn/maven_repository/org/slf4j/slf4j-api/1.7.30/slf4j-api-1.7.30.jar:/Users/jay/Desktop/Java/learn/maven_repository/javax/validation/validation-api/2.0.1.Final/validation-api-2.0.1.Final.jar:/Users/jay/Desktop/Java/learn/maven_repository/cn/afterturn/easypoi-web/4.0.0/easypoi-web-4.0.0.jar:/Users/jay/Desktop/Java/learn/maven_repository/cn/afterturn/easypoi-annotation/4.0.0/easypoi-annotation-4.0.0.jar:/Users/jay/Desktop/Java/learn/maven_repository/org/apache/poi/poi-ooxml-schemas/4.1.2/poi-ooxml-schemas-4.1.2.jar:/Users/jay/Desktop/Java/learn/maven_repository/org/apache/xmlbeans/xmlbeans/3.1.0/xmlbeans-3.1.0.jar:/Users/jay/Desktop/Java/learn/maven_repository/org/codehaus/jackson/jackson-xc/1.9.12/jackson-xc-1.9.12.jar:/Users/jay/Desktop/Java/learn/maven_repository/org/codehaus/jackson/jackson-core-asl/1.9.12/jackson-core-asl-1.9.12.jar:/Users/jay/Desktop/Java/learn/maven_repository/org/codehaus/jackson/jackson-mapper-asl/1.9.12/jackson-mapper-asl-1.9.12.jar:/Users/jay/Desktop/Java/learn/maven_repository/joda-time/joda-time/2.10.13/joda-time-2.10.13.jar:/Users/jay/Desktop/Java/learn/maven_repository/org/apache/commons/commons-lang3/3.11/commons-lang3-3.11.jar:/Users/jay/Desktop/Java/learn/maven_repository/org/mapstruct/mapstruct/1.4.2.Final/mapstruct-1.4.2.Final.jar:/Users/jay/Desktop/Java/learn/maven_repository/cn/hutool/hutool-all/5.7.16/hutool-all-5.7.16.jar:/Users/jay/Desktop/Java/learn/maven_repository/io/springfox/springfox-swagger2/2.7.0/springfox-swagger2-2.7.0.jar:/Users/jay/Desktop/Java/learn/maven_repository/io/swagger/swagger-annotations/1.5.13/swagger-annotations-1.5.13.jar:/Users/jay/Desktop/Java/learn/maven_repository/io/swagger/swagger-models/1.5.13/swagger-models-1.5.13.jar:/Users/jay/Desktop/Java/learn/maven_repository/com/fasterxml/jackson/core/jackson-annotations/2.11.3/jackson-annotations-2.11.3.jar:/Users/jay/Desktop/Java/learn/maven_repository/io/springfox/springfox-spi/2.7.0/springfox-spi-2.7.0.jar:/Users/jay/Desktop/Java/learn/maven_repository/io/springfox/springfox-core/2.7.0/springfox-core-2.7.0.jar:/Users/jay/Desktop/Java/learn/maven_repository/io/springfox/springfox-schema/2.7.0/springfox-schema-2.7.0.jar:/Users/jay/Desktop/Java/learn/maven_repository/io/springfox/springfox-swagger-common/2.7.0/springfox-swagger-common-2.7.0.jar:/Users/jay/Desktop/Java/learn/maven_repository/io/springfox/springfox-spring-web/2.7.0/springfox-spring-web-2.7.0.jar:/Users/jay/Desktop/Java/learn/maven_repository/org/reflections/reflections/0.9.11/reflections-0.9.11.jar:/Users/jay/Desktop/Java/learn/maven_repository/com/fasterxml/classmate/1.5.1/classmate-1.5.1.jar:/Users/jay/Desktop/Java/learn/maven_repository/org/springframework/plugin/spring-plugin-core/1.2.0.RELEASE/spring-plugin-core-1.2.0.RELEASE.jar:/Users/jay/Desktop/Java/learn/maven_repository/org/springframework/plugin/spring-plugin-metadata/1.2.0.RELEASE/spring-plugin-metadata-1.2.0.RELEASE.jar:/Users/jay/Desktop/Java/learn/maven_repository/io/springfox/springfox-swagger-ui/2.7.0/springfox-swagger-ui-2.7.0.jar:/Users/jay/Desktop/Java/learn/maven_repository/org/springframework/boot/spring-boot-starter-data-redis/2.4.1/spring-boot-starter-data-redis-2.4.1.jar:/Users/jay/Desktop/Java/learn/maven_repository/org/springframework/data/spring-data-redis/2.4.2/spring-data-redis-2.4.2.jar:/Users/jay/Desktop/Java/learn/maven_repository/org/springframework/data/spring-data-keyvalue/2.4.2/spring-data-keyvalue-2.4.2.jar:/Users/jay/Desktop/Java/learn/maven_repository/org/springframework/data/spring-data-commons/2.4.2/spring-data-commons-2.4.2.jar:/Users/jay/Desktop/Java/learn/maven_repository/org/springframework/spring-oxm/5.3.2/spring-oxm-5.3.2.jar:/Users/jay/Desktop/Java/learn/maven_repository/org/springframework/spring-context-support/5.3.2/spring-context-support-5.3.2.jar:/Users/jay/Desktop/Java/learn/maven_repository/io/lettuce/lettuce-core/6.0.1.RELEASE/lettuce-core-6.0.1.RELEASE.jar:/Users/jay/Desktop/Java/learn/maven_repository/io/netty/netty-common/4.1.55.Final/netty-common-4.1.55.Final.jar:/Users/jay/Desktop/Java/learn/maven_repository/io/netty/netty-handler/4.1.55.Final/netty-handler-4.1.55.Final.jar:/Users/jay/Desktop/Java/learn/maven_repository/io/netty/netty-resolver/4.1.55.Final/netty-resolver-4.1.55.Final.jar:/Users/jay/Desktop/Java/learn/maven_repository/io/netty/netty-buffer/4.1.55.Final/netty-buffer-4.1.55.Final.jar:/Users/jay/Desktop/Java/learn/maven_repository/io/netty/netty-codec/4.1.55.Final/netty-codec-4.1.55.Final.jar:/Users/jay/Desktop/Java/learn/maven_repository/io/netty/netty-transport/4.1.55.Final/netty-transport-4.1.55.Final.jar:/Users/jay/Desktop/Java/learn/maven_repository/io/projectreactor/reactor-core/3.4.1/reactor-core-3.4.1.jar:/Users/jay/Desktop/Java/learn/maven_repository/org/reactivestreams/reactive-streams/1.0.3/reactive-streams-1.0.3.jar:/Users/jay/Desktop/Java/learn/maven_repository/cn/dev33/sa-token-spring-boot-starter/1.28.0/sa-token-spring-boot-starter-1.28.0.jar:/Users/jay/Desktop/Java/learn/maven_repository/cn/dev33/sa-token-servlet/1.28.0/sa-token-servlet-1.28.0.jar:/Users/jay/Desktop/Java/learn/maven_repository/cn/dev33/sa-token-dao-redis-jackson/1.28.0/sa-token-dao-redis-jackson-1.28.0.jar:/Users/jay/Desktop/Java/learn/maven_repository/cn/dev33/sa-token-core/1.28.0/sa-token-core-1.28.0.jar:/Users/jay/Desktop/Java/learn/maven_repository/org/apache/commons/commons-pool2/2.9.0/commons-pool2-2.9.0.jar:/Users/jay/Desktop/Java/learn/maven_repository/cn/dev33/sa-token-spring-aop/1.28.0/sa-token-spring-aop-1.28.0.jar:/Users/jay/Desktop/Java/learn/maven_repository/org/springframework/boot/spring-boot-starter-aop/2.4.1/spring-boot-starter-aop-2.4.1.jar:/Users/jay/Desktop/Java/learn/maven_repository/org/aspectj/aspectjweaver/1.9.6/aspectjweaver-1.9.6.jar:/Users/jay/Desktop/Java/learn/maven_repository/cn/dev33/sa-token-alone-redis/1.30.0/sa-token-alone-redis-1.30.0.jar:/Users/jay/Desktop/Java/learn/maven_repository/com/xuxueli/xxl-job-core/2.3.0/xxl-job-core-2.3.0.jar:/Users/jay/Desktop/Java/learn/maven_repository/io/netty/netty-all/4.1.55.Final/netty-all-4.1.55.Final.jar:/Users/jay/Desktop/Java/learn/maven_repository/com/google/code/gson/gson/2.8.6/gson-2.8.6.jar:/Users/jay/Desktop/Java/learn/maven_repository/org/codehaus/groovy/groovy/2.5.14/groovy-2.5.14.jar:/Users/jay/Desktop/Java/learn/maven_repository/com/alibaba/fastjson/1.2.79/fastjson-1.2.79.jar:/Users/jay/Desktop/Java/learn/maven_repository/com/alibaba/boot/nacos-config-spring-boot-starter/0.2.1/nacos-config-spring-boot-starter-0.2.1.jar:/Users/jay/Desktop/Java/learn/maven_repository/com/alibaba/nacos/nacos-spring-context/0.2.2-RC1/nacos-spring-context-0.2.2-RC1.jar:/Users/jay/Desktop/Java/learn/maven_repository/com/alibaba/nacos/nacos-client/0.2.1-RC1/nacos-client-0.2.1-RC1.jar:/Users/jay/Desktop/Java/learn/maven_repository/com/alibaba/nacos/nacos-common/0.2.1-RC1/nacos-common-0.2.1-RC1.jar:/Users/jay/Desktop/Java/learn/maven_repository/commons-io/commons-io/2.2/commons-io-2.2.jar:/Users/jay/Desktop/Java/learn/maven_repository/com/alibaba/nacos/nacos-api/0.2.1-RC1/nacos-api-0.2.1-RC1.jar:/Users/jay/Desktop/Java/learn/maven_repository/ch/qos/logback/logback-core/1.2.3/logback-core-1.2.3.jar:/Users/jay/Desktop/Java/learn/maven_repository/org/codehaus/jackson/jackson-mapper-lgpl/1.9.6/jackson-mapper-lgpl-1.9.6.jar:/Users/jay/Desktop/Java/learn/maven_repository/org/codehaus/jackson/jackson-core-lgpl/1.9.6/jackson-core-lgpl-1.9.6.jar:/Users/jay/Desktop/Java/learn/maven_repository/com/alibaba/spring/spring-context-support/1.0.1/spring-context-support-1.0.1.jar:/Users/jay/Desktop/Java/learn/maven_repository/com/alibaba/boot/nacos-config-spring-boot-autoconfigure/0.2.1/nacos-config-spring-boot-autoconfigure-0.2.1.jar:/Users/jay/Desktop/Java/learn/maven_repository/com/alibaba/boot/nacos-spring-boot-base/0.2.1/nacos-spring-boot-base-0.2.1.jar:/Users/jay/Desktop/Java/learn/maven_repository/com/alibaba/boot/nacos-config-spring-boot-actuator/0.2.1/nacos-config-spring-boot-actuator-0.2.1.jar:/Users/jay/Desktop/Java/learn/maven_repository/icu/mhb/mybatis-plus-join/1.0.2/mybatis-plus-join-1.0.2.jar:"/>
    <property name="https.proxyPort" value="7890"/>
    <property name="java.vm.vendor" value="Azul Systems, Inc."/>
    <property name="sun.arch.data.model" value="64"/>
    <property name="java.vendor.url" value="http://www.azul.com/"/>
    <property name="user.timezone" value=""/>
    <property name="java.vm.specification.version" value="1.8"/>
    <property name="os.name" value="Mac OS X"/>
    <property name="user.country" value="CN"/>
    <property name="sun.java.launcher" value="SUN_STANDARD"/>
    <property name="sun.boot.library.path" value="/Library/Java/JavaVirtualMachines/zulu-8.jdk/Contents/Home/jre/lib"/>
    <property name="sun.java.command" value="/Users/jay/Desktop/Java/GitHubProject/saTokenTest/saTokenDemo/target/surefire/surefirebooter6410473942419556206.jar /Users/jay/Desktop/Java/GitHubProject/saTokenTest/saTokenDemo/target/surefire 2022-10-13T18-41-27_866-jvmRun1 surefire6315450919941345537tmp surefire_09045572642068596594tmp"/>
    <property name="http.nonProxyHosts" value="192.168.0.0/16|*.192.168.0.0/16|10.0.0.0/8|*.10.0.0.0/8|172.16.0.0/12|*.172.16.0.0/12|127.0.0.1|localhost|*.localhost|local|*.local|crashlytics.com|*.crashlytics.com|www.scootersoftware.com|*.www.scootersoftware.com|scootersoftware.com|*.scootersoftware.com"/>
    <property name="surefire.test.class.path" value="/Users/jay/Desktop/Java/GitHubProject/saTokenTest/saTokenDemo/target/test-classes:/Users/jay/Desktop/Java/GitHubProject/saTokenTest/saTokenDemo/target/classes:/Users/jay/Desktop/Java/learn/maven_repository/org/projectlombok/lombok/1.16.20/lombok-1.16.20.jar:/Users/jay/Desktop/Java/learn/maven_repository/org/springframework/boot/spring-boot-starter-web/2.4.1/spring-boot-starter-web-2.4.1.jar:/Users/jay/Desktop/Java/learn/maven_repository/org/springframework/boot/spring-boot-starter/2.4.1/spring-boot-starter-2.4.1.jar:/Users/jay/Desktop/Java/learn/maven_repository/org/springframework/boot/spring-boot/2.4.1/spring-boot-2.4.1.jar:/Users/jay/Desktop/Java/learn/maven_repository/org/springframework/boot/spring-boot-starter-logging/2.4.1/spring-boot-starter-logging-2.4.1.jar:/Users/jay/Desktop/Java/learn/maven_repository/ch/qos/logback/logback-classic/1.2.3/logback-classic-1.2.3.jar:/Users/jay/Desktop/Java/learn/maven_repository/org/apache/logging/log4j/log4j-to-slf4j/2.13.3/log4j-to-slf4j-2.13.3.jar:/Users/jay/Desktop/Java/learn/maven_repository/org/apache/logging/log4j/log4j-api/2.13.3/log4j-api-2.13.3.jar:/Users/jay/Desktop/Java/learn/maven_repository/org/slf4j/jul-to-slf4j/1.7.30/jul-to-slf4j-1.7.30.jar:/Users/jay/Desktop/Java/learn/maven_repository/jakarta/annotation/jakarta.annotation-api/1.3.5/jakarta.annotation-api-1.3.5.jar:/Users/jay/Desktop/Java/learn/maven_repository/org/yaml/snakeyaml/1.27/snakeyaml-1.27.jar:/Users/jay/Desktop/Java/learn/maven_repository/org/springframework/boot/spring-boot-starter-json/2.4.1/spring-boot-starter-json-2.4.1.jar:/Users/jay/Desktop/Java/learn/maven_repository/com/fasterxml/jackson/core/jackson-databind/2.11.3/jackson-databind-2.11.3.jar:/Users/jay/Desktop/Java/learn/maven_repository/com/fasterxml/jackson/core/jackson-core/2.11.3/jackson-core-2.11.3.jar:/Users/jay/Desktop/Java/learn/maven_repository/com/fasterxml/jackson/datatype/jackson-datatype-jdk8/2.11.3/jackson-datatype-jdk8-2.11.3.jar:/Users/jay/Desktop/Java/learn/maven_repository/com/fasterxml/jackson/datatype/jackson-datatype-jsr310/2.11.3/jackson-datatype-jsr310-2.11.3.jar:/Users/jay/Desktop/Java/learn/maven_repository/com/fasterxml/jackson/module/jackson-module-parameter-names/2.11.3/jackson-module-parameter-names-2.11.3.jar:/Users/jay/Desktop/Java/learn/maven_repository/org/springframework/boot/spring-boot-starter-tomcat/2.4.1/spring-boot-starter-tomcat-2.4.1.jar:/Users/jay/Desktop/Java/learn/maven_repository/org/apache/tomcat/embed/tomcat-embed-core/9.0.41/tomcat-embed-core-9.0.41.jar:/Users/jay/Desktop/Java/learn/maven_repository/org/glassfish/jakarta.el/3.0.3/jakarta.el-3.0.3.jar:/Users/jay/Desktop/Java/learn/maven_repository/org/apache/tomcat/embed/tomcat-embed-websocket/9.0.41/tomcat-embed-websocket-9.0.41.jar:/Users/jay/Desktop/Java/learn/maven_repository/org/springframework/spring-web/5.3.2/spring-web-5.3.2.jar:/Users/jay/Desktop/Java/learn/maven_repository/org/springframework/spring-webmvc/5.3.2/spring-webmvc-5.3.2.jar:/Users/jay/Desktop/Java/learn/maven_repository/org/springframework/spring-aop/5.3.2/spring-aop-5.3.2.jar:/Users/jay/Desktop/Java/learn/maven_repository/org/springframework/spring-context/5.3.2/spring-context-5.3.2.jar:/Users/jay/Desktop/Java/learn/maven_repository/org/springframework/spring-expression/5.3.2/spring-expression-5.3.2.jar:/Users/jay/Desktop/Java/learn/maven_repository/org/springframework/boot/spring-boot-starter-test/2.4.1/spring-boot-starter-test-2.4.1.jar:/Users/jay/Desktop/Java/learn/maven_repository/org/springframework/boot/spring-boot-test/2.4.1/spring-boot-test-2.4.1.jar:/Users/jay/Desktop/Java/learn/maven_repository/org/springframework/boot/spring-boot-test-autoconfigure/2.4.1/spring-boot-test-autoconfigure-2.4.1.jar:/Users/jay/Desktop/Java/learn/maven_repository/com/jayway/jsonpath/json-path/2.4.0/json-path-2.4.0.jar:/Users/jay/Desktop/Java/learn/maven_repository/net/minidev/json-smart/2.3/json-smart-2.3.jar:/Users/jay/Desktop/Java/learn/maven_repository/net/minidev/accessors-smart/1.2/accessors-smart-1.2.jar:/Users/jay/Desktop/Java/learn/maven_repository/org/ow2/asm/asm/5.0.4/asm-5.0.4.jar:/Users/jay/Desktop/Java/learn/maven_repository/jakarta/xml/bind/jakarta.xml.bind-api/2.3.3/jakarta.xml.bind-api-2.3.3.jar:/Users/jay/Desktop/Java/learn/maven_repository/jakarta/activation/jakarta.activation-api/1.2.2/jakarta.activation-api-1.2.2.jar:/Users/jay/Desktop/Java/learn/maven_repository/org/assertj/assertj-core/3.18.1/assertj-core-3.18.1.jar:/Users/jay/Desktop/Java/learn/maven_repository/org/hamcrest/hamcrest/2.2/hamcrest-2.2.jar:/Users/jay/Desktop/Java/learn/maven_repository/org/junit/jupiter/junit-jupiter/5.7.0/junit-jupiter-5.7.0.jar:/Users/jay/Desktop/Java/learn/maven_repository/org/junit/jupiter/junit-jupiter-api/5.7.0/junit-jupiter-api-5.7.0.jar:/Users/jay/Desktop/Java/learn/maven_repository/org/apiguardian/apiguardian-api/1.1.0/apiguardian-api-1.1.0.jar:/Users/jay/Desktop/Java/learn/maven_repository/org/opentest4j/opentest4j/1.2.0/opentest4j-1.2.0.jar:/Users/jay/Desktop/Java/learn/maven_repository/org/junit/platform/junit-platform-commons/1.7.0/junit-platform-commons-1.7.0.jar:/Users/jay/Desktop/Java/learn/maven_repository/org/junit/jupiter/junit-jupiter-params/5.7.0/junit-jupiter-params-5.7.0.jar:/Users/jay/Desktop/Java/learn/maven_repository/org/junit/jupiter/junit-jupiter-engine/5.7.0/junit-jupiter-engine-5.7.0.jar:/Users/jay/Desktop/Java/learn/maven_repository/org/junit/platform/junit-platform-engine/1.7.0/junit-platform-engine-1.7.0.jar:/Users/jay/Desktop/Java/learn/maven_repository/org/mockito/mockito-core/3.6.28/mockito-core-3.6.28.jar:/Users/jay/Desktop/Java/learn/maven_repository/net/bytebuddy/byte-buddy/1.10.18/byte-buddy-1.10.18.jar:/Users/jay/Desktop/Java/learn/maven_repository/net/bytebuddy/byte-buddy-agent/1.10.18/byte-buddy-agent-1.10.18.jar:/Users/jay/Desktop/Java/learn/maven_repository/org/objenesis/objenesis/3.1/objenesis-3.1.jar:/Users/jay/Desktop/Java/learn/maven_repository/org/mockito/mockito-junit-jupiter/3.6.28/mockito-junit-jupiter-3.6.28.jar:/Users/jay/Desktop/Java/learn/maven_repository/org/skyscreamer/jsonassert/1.5.0/jsonassert-1.5.0.jar:/Users/jay/Desktop/Java/learn/maven_repository/com/vaadin/external/google/android-json/0.0.20131108.vaadin1/android-json-0.0.20131108.vaadin1.jar:/Users/jay/Desktop/Java/learn/maven_repository/org/springframework/spring-core/5.3.2/spring-core-5.3.2.jar:/Users/jay/Desktop/Java/learn/maven_repository/org/springframework/spring-jcl/5.3.2/spring-jcl-5.3.2.jar:/Users/jay/Desktop/Java/learn/maven_repository/org/springframework/spring-test/5.3.2/spring-test-5.3.2.jar:/Users/jay/Desktop/Java/learn/maven_repository/org/xmlunit/xmlunit-core/2.7.0/xmlunit-core-2.7.0.jar:/Users/jay/Desktop/Java/learn/maven_repository/org/springframework/spring-jdbc/5.3.13/spring-jdbc-5.3.13.jar:/Users/jay/Desktop/Java/learn/maven_repository/org/springframework/spring-beans/5.3.2/spring-beans-5.3.2.jar:/Users/jay/Desktop/Java/learn/maven_repository/org/springframework/spring-tx/5.3.2/spring-tx-5.3.2.jar:/Users/jay/Desktop/Java/learn/maven_repository/mysql/mysql-connector-java/8.0.22/mysql-connector-java-8.0.22.jar:/Users/jay/Desktop/Java/learn/maven_repository/com/baomidou/mybatis-plus-boot-starter/3.1.1/mybatis-plus-boot-starter-3.1.1.jar:/Users/jay/Desktop/Java/learn/maven_repository/com/baomidou/mybatis-plus/3.1.1/mybatis-plus-3.1.1.jar:/Users/jay/Desktop/Java/learn/maven_repository/com/baomidou/mybatis-plus-extension/3.1.1/mybatis-plus-extension-3.1.1.jar:/Users/jay/Desktop/Java/learn/maven_repository/com/baomidou/mybatis-plus-core/3.1.1/mybatis-plus-core-3.1.1.jar:/Users/jay/Desktop/Java/learn/maven_repository/com/baomidou/mybatis-plus-annotation/3.1.1/mybatis-plus-annotation-3.1.1.jar:/Users/jay/Desktop/Java/learn/maven_repository/com/github/jsqlparser/jsqlparser/1.2/jsqlparser-1.2.jar:/Users/jay/Desktop/Java/learn/maven_repository/org/mybatis/mybatis/3.5.1/mybatis-3.5.1.jar:/Users/jay/Desktop/Java/learn/maven_repository/org/mybatis/mybatis-spring/2.0.1/mybatis-spring-2.0.1.jar:/Users/jay/Desktop/Java/learn/maven_repository/org/springframework/boot/spring-boot-autoconfigure/2.4.1/spring-boot-autoconfigure-2.4.1.jar:/Users/jay/Desktop/Java/learn/maven_repository/org/springframework/boot/spring-boot-starter-jdbc/2.4.1/spring-boot-starter-jdbc-2.4.1.jar:/Users/jay/Desktop/Java/learn/maven_repository/com/zaxxer/HikariCP/3.4.5/HikariCP-3.4.5.jar:/Users/jay/Desktop/Java/learn/maven_repository/cn/afterturn/easypoi-base/4.0.0/easypoi-base-4.0.0.jar:/Users/jay/Desktop/Java/learn/maven_repository/org/apache/poi/poi/4.0.0/poi-4.0.0.jar:/Users/jay/Desktop/Java/learn/maven_repository/commons-codec/commons-codec/1.15/commons-codec-1.15.jar:/Users/jay/Desktop/Java/learn/maven_repository/org/apache/commons/commons-collections4/4.2/commons-collections4-4.2.jar:/Users/jay/Desktop/Java/learn/maven_repository/org/apache/poi/poi-ooxml/4.0.0/poi-ooxml-4.0.0.jar:/Users/jay/Desktop/Java/learn/maven_repository/org/apache/commons/commons-compress/1.18/commons-compress-1.18.jar:/Users/jay/Desktop/Java/learn/maven_repository/com/github/virtuald/curvesapi/1.04/curvesapi-1.04.jar:/Users/jay/Desktop/Java/learn/maven_repository/com/google/guava/guava/16.0.1/guava-16.0.1.jar:/Users/jay/Desktop/Java/learn/maven_repository/ognl/ognl/3.2.6/ognl-3.2.6.jar:/Users/jay/Desktop/Java/learn/maven_repository/org/javassist/javassist/3.20.0-GA/javassist-3.20.0-GA.jar:/Users/jay/Desktop/Java/learn/maven_repository/org/slf4j/slf4j-api/1.7.30/slf4j-api-1.7.30.jar:/Users/jay/Desktop/Java/learn/maven_repository/javax/validation/validation-api/2.0.1.Final/validation-api-2.0.1.Final.jar:/Users/jay/Desktop/Java/learn/maven_repository/cn/afterturn/easypoi-web/4.0.0/easypoi-web-4.0.0.jar:/Users/jay/Desktop/Java/learn/maven_repository/cn/afterturn/easypoi-annotation/4.0.0/easypoi-annotation-4.0.0.jar:/Users/jay/Desktop/Java/learn/maven_repository/org/apache/poi/poi-ooxml-schemas/4.1.2/poi-ooxml-schemas-4.1.2.jar:/Users/jay/Desktop/Java/learn/maven_repository/org/apache/xmlbeans/xmlbeans/3.1.0/xmlbeans-3.1.0.jar:/Users/jay/Desktop/Java/learn/maven_repository/org/codehaus/jackson/jackson-xc/1.9.12/jackson-xc-1.9.12.jar:/Users/jay/Desktop/Java/learn/maven_repository/org/codehaus/jackson/jackson-core-asl/1.9.12/jackson-core-asl-1.9.12.jar:/Users/jay/Desktop/Java/learn/maven_repository/org/codehaus/jackson/jackson-mapper-asl/1.9.12/jackson-mapper-asl-1.9.12.jar:/Users/jay/Desktop/Java/learn/maven_repository/joda-time/joda-time/2.10.13/joda-time-2.10.13.jar:/Users/jay/Desktop/Java/learn/maven_repository/org/apache/commons/commons-lang3/3.11/commons-lang3-3.11.jar:/Users/jay/Desktop/Java/learn/maven_repository/org/mapstruct/mapstruct/1.4.2.Final/mapstruct-1.4.2.Final.jar:/Users/jay/Desktop/Java/learn/maven_repository/cn/hutool/hutool-all/5.7.16/hutool-all-5.7.16.jar:/Users/jay/Desktop/Java/learn/maven_repository/io/springfox/springfox-swagger2/2.7.0/springfox-swagger2-2.7.0.jar:/Users/jay/Desktop/Java/learn/maven_repository/io/swagger/swagger-annotations/1.5.13/swagger-annotations-1.5.13.jar:/Users/jay/Desktop/Java/learn/maven_repository/io/swagger/swagger-models/1.5.13/swagger-models-1.5.13.jar:/Users/jay/Desktop/Java/learn/maven_repository/com/fasterxml/jackson/core/jackson-annotations/2.11.3/jackson-annotations-2.11.3.jar:/Users/jay/Desktop/Java/learn/maven_repository/io/springfox/springfox-spi/2.7.0/springfox-spi-2.7.0.jar:/Users/jay/Desktop/Java/learn/maven_repository/io/springfox/springfox-core/2.7.0/springfox-core-2.7.0.jar:/Users/jay/Desktop/Java/learn/maven_repository/io/springfox/springfox-schema/2.7.0/springfox-schema-2.7.0.jar:/Users/jay/Desktop/Java/learn/maven_repository/io/springfox/springfox-swagger-common/2.7.0/springfox-swagger-common-2.7.0.jar:/Users/jay/Desktop/Java/learn/maven_repository/io/springfox/springfox-spring-web/2.7.0/springfox-spring-web-2.7.0.jar:/Users/jay/Desktop/Java/learn/maven_repository/org/reflections/reflections/0.9.11/reflections-0.9.11.jar:/Users/jay/Desktop/Java/learn/maven_repository/com/fasterxml/classmate/1.5.1/classmate-1.5.1.jar:/Users/jay/Desktop/Java/learn/maven_repository/org/springframework/plugin/spring-plugin-core/1.2.0.RELEASE/spring-plugin-core-1.2.0.RELEASE.jar:/Users/jay/Desktop/Java/learn/maven_repository/org/springframework/plugin/spring-plugin-metadata/1.2.0.RELEASE/spring-plugin-metadata-1.2.0.RELEASE.jar:/Users/jay/Desktop/Java/learn/maven_repository/io/springfox/springfox-swagger-ui/2.7.0/springfox-swagger-ui-2.7.0.jar:/Users/jay/Desktop/Java/learn/maven_repository/org/springframework/boot/spring-boot-starter-data-redis/2.4.1/spring-boot-starter-data-redis-2.4.1.jar:/Users/jay/Desktop/Java/learn/maven_repository/org/springframework/data/spring-data-redis/2.4.2/spring-data-redis-2.4.2.jar:/Users/jay/Desktop/Java/learn/maven_repository/org/springframework/data/spring-data-keyvalue/2.4.2/spring-data-keyvalue-2.4.2.jar:/Users/jay/Desktop/Java/learn/maven_repository/org/springframework/data/spring-data-commons/2.4.2/spring-data-commons-2.4.2.jar:/Users/jay/Desktop/Java/learn/maven_repository/org/springframework/spring-oxm/5.3.2/spring-oxm-5.3.2.jar:/Users/jay/Desktop/Java/learn/maven_repository/org/springframework/spring-context-support/5.3.2/spring-context-support-5.3.2.jar:/Users/jay/Desktop/Java/learn/maven_repository/io/lettuce/lettuce-core/6.0.1.RELEASE/lettuce-core-6.0.1.RELEASE.jar:/Users/jay/Desktop/Java/learn/maven_repository/io/netty/netty-common/4.1.55.Final/netty-common-4.1.55.Final.jar:/Users/jay/Desktop/Java/learn/maven_repository/io/netty/netty-handler/4.1.55.Final/netty-handler-4.1.55.Final.jar:/Users/jay/Desktop/Java/learn/maven_repository/io/netty/netty-resolver/4.1.55.Final/netty-resolver-4.1.55.Final.jar:/Users/jay/Desktop/Java/learn/maven_repository/io/netty/netty-buffer/4.1.55.Final/netty-buffer-4.1.55.Final.jar:/Users/jay/Desktop/Java/learn/maven_repository/io/netty/netty-codec/4.1.55.Final/netty-codec-4.1.55.Final.jar:/Users/jay/Desktop/Java/learn/maven_repository/io/netty/netty-transport/4.1.55.Final/netty-transport-4.1.55.Final.jar:/Users/jay/Desktop/Java/learn/maven_repository/io/projectreactor/reactor-core/3.4.1/reactor-core-3.4.1.jar:/Users/jay/Desktop/Java/learn/maven_repository/org/reactivestreams/reactive-streams/1.0.3/reactive-streams-1.0.3.jar:/Users/jay/Desktop/Java/learn/maven_repository/cn/dev33/sa-token-spring-boot-starter/1.28.0/sa-token-spring-boot-starter-1.28.0.jar:/Users/jay/Desktop/Java/learn/maven_repository/cn/dev33/sa-token-servlet/1.28.0/sa-token-servlet-1.28.0.jar:/Users/jay/Desktop/Java/learn/maven_repository/cn/dev33/sa-token-dao-redis-jackson/1.28.0/sa-token-dao-redis-jackson-1.28.0.jar:/Users/jay/Desktop/Java/learn/maven_repository/cn/dev33/sa-token-core/1.28.0/sa-token-core-1.28.0.jar:/Users/jay/Desktop/Java/learn/maven_repository/org/apache/commons/commons-pool2/2.9.0/commons-pool2-2.9.0.jar:/Users/jay/Desktop/Java/learn/maven_repository/cn/dev33/sa-token-spring-aop/1.28.0/sa-token-spring-aop-1.28.0.jar:/Users/jay/Desktop/Java/learn/maven_repository/org/springframework/boot/spring-boot-starter-aop/2.4.1/spring-boot-starter-aop-2.4.1.jar:/Users/jay/Desktop/Java/learn/maven_repository/org/aspectj/aspectjweaver/1.9.6/aspectjweaver-1.9.6.jar:/Users/jay/Desktop/Java/learn/maven_repository/cn/dev33/sa-token-alone-redis/1.30.0/sa-token-alone-redis-1.30.0.jar:/Users/jay/Desktop/Java/learn/maven_repository/com/xuxueli/xxl-job-core/2.3.0/xxl-job-core-2.3.0.jar:/Users/jay/Desktop/Java/learn/maven_repository/io/netty/netty-all/4.1.55.Final/netty-all-4.1.55.Final.jar:/Users/jay/Desktop/Java/learn/maven_repository/com/google/code/gson/gson/2.8.6/gson-2.8.6.jar:/Users/jay/Desktop/Java/learn/maven_repository/org/codehaus/groovy/groovy/2.5.14/groovy-2.5.14.jar:/Users/jay/Desktop/Java/learn/maven_repository/com/alibaba/fastjson/1.2.79/fastjson-1.2.79.jar:/Users/jay/Desktop/Java/learn/maven_repository/com/alibaba/boot/nacos-config-spring-boot-starter/0.2.1/nacos-config-spring-boot-starter-0.2.1.jar:/Users/jay/Desktop/Java/learn/maven_repository/com/alibaba/nacos/nacos-spring-context/0.2.2-RC1/nacos-spring-context-0.2.2-RC1.jar:/Users/jay/Desktop/Java/learn/maven_repository/com/alibaba/nacos/nacos-client/0.2.1-RC1/nacos-client-0.2.1-RC1.jar:/Users/jay/Desktop/Java/learn/maven_repository/com/alibaba/nacos/nacos-common/0.2.1-RC1/nacos-common-0.2.1-RC1.jar:/Users/jay/Desktop/Java/learn/maven_repository/commons-io/commons-io/2.2/commons-io-2.2.jar:/Users/jay/Desktop/Java/learn/maven_repository/com/alibaba/nacos/nacos-api/0.2.1-RC1/nacos-api-0.2.1-RC1.jar:/Users/jay/Desktop/Java/learn/maven_repository/ch/qos/logback/logback-core/1.2.3/logback-core-1.2.3.jar:/Users/jay/Desktop/Java/learn/maven_repository/org/codehaus/jackson/jackson-mapper-lgpl/1.9.6/jackson-mapper-lgpl-1.9.6.jar:/Users/jay/Desktop/Java/learn/maven_repository/org/codehaus/jackson/jackson-core-lgpl/1.9.6/jackson-core-lgpl-1.9.6.jar:/Users/jay/Desktop/Java/learn/maven_repository/com/alibaba/spring/spring-context-support/1.0.1/spring-context-support-1.0.1.jar:/Users/jay/Desktop/Java/learn/maven_repository/com/alibaba/boot/nacos-config-spring-boot-autoconfigure/0.2.1/nacos-config-spring-boot-autoconfigure-0.2.1.jar:/Users/jay/Desktop/Java/learn/maven_repository/com/alibaba/boot/nacos-spring-boot-base/0.2.1/nacos-spring-boot-base-0.2.1.jar:/Users/jay/Desktop/Java/learn/maven_repository/com/alibaba/boot/nacos-config-spring-boot-actuator/0.2.1/nacos-config-spring-boot-actuator-0.2.1.jar:/Users/jay/Desktop/Java/learn/maven_repository/icu/mhb/mybatis-plus-join/1.0.2/mybatis-plus-join-1.0.2.jar:"/>
    <property name="sun.cpu.endian" value="little"/>
    <property name="user.home" value="/Users/jay"/>
    <property name="user.language" value="zh"/>
    <property name="java.specification.vendor" value="Oracle Corporation"/>
    <property name="java.home" value="/Library/Java/JavaVirtualMachines/zulu-8.jdk/Contents/Home/jre"/>
    <property name="basedir" value="/Users/jay/Desktop/Java/GitHubProject/saTokenTest/saTokenDemo"/>
    <property name="https.proxyHost" value="127.0.0.1"/>
    <property name="file.separator" value="/"/>
    <property name="line.separator" value="&#10;"/>
    <property name="jdk.vendor.version" value="Zulu 8.58.0.13-CA-macos-aarch64"/>
    <property name="java.vm.specification.vendor" value="Oracle Corporation"/>
    <property name="java.specification.name" value="Java Platform API Specification"/>
    <property name="java.awt.graphicsenv" value="sun.awt.CGraphicsEnvironment"/>
    <property name="surefire.real.class.path" value="/Users/jay/Desktop/Java/GitHubProject/saTokenTest/saTokenDemo/target/surefire/surefirebooter6410473942419556206.jar"/>
    <property name="sun.boot.class.path" value="/Library/Java/JavaVirtualMachines/zulu-8.jdk/Contents/Home/jre/lib/resources.jar:/Library/Java/JavaVirtualMachines/zulu-8.jdk/Contents/Home/jre/lib/rt.jar:/Library/Java/JavaVirtualMachines/zulu-8.jdk/Contents/Home/jre/lib/sunrsasign.jar:/Library/Java/JavaVirtualMachines/zulu-8.jdk/Contents/Home/jre/lib/jsse.jar:/Library/Java/JavaVirtualMachines/zulu-8.jdk/Contents/Home/jre/lib/jce.jar:/Library/Java/JavaVirtualMachines/zulu-8.jdk/Contents/Home/jre/lib/charsets.jar:/Library/Java/JavaVirtualMachines/zulu-8.jdk/Contents/Home/jre/lib/jfr.jar:/Library/Java/JavaVirtualMachines/zulu-8.jdk/Contents/Home/jre/classes"/>
    <property name="sun.management.compiler" value="HotSpot 64-Bit Tiered Compilers"/>
    <property name="ftp.nonProxyHosts" value="192.168.0.0/16|*.192.168.0.0/16|10.0.0.0/8|*.10.0.0.0/8|172.16.0.0/12|*.172.16.0.0/12|127.0.0.1|localhost|*.localhost|local|*.local|crashlytics.com|*.crashlytics.com|www.scootersoftware.com|*.www.scootersoftware.com|scootersoftware.com|*.scootersoftware.com"/>
    <property name="java.runtime.version" value="1.8.0_312-b07"/>
    <property name="user.name" value="jay"/>
    <property name="path.separator" value=":"/>
    <property name="os.version" value="12.6"/>
    <property name="java.endorsed.dirs" value="/Library/Java/JavaVirtualMachines/zulu-8.jdk/Contents/Home/jre/lib/endorsed"/>
    <property name="java.runtime.name" value="OpenJDK Runtime Environment"/>
    <property name="file.encoding" value="UTF-8"/>
    <property name="java.vm.name" value="OpenJDK 64-Bit Server VM"/>
    <property name="localRepository" value="/Users/jay/Desktop/Java/learn/maven_repository"/>
    <property name="java.vendor.url.bug" value="http://www.azul.com/support/"/>
    <property name="java.io.tmpdir" value="/var/folders/xy/w0yth9vd3k7dpnhqxk6mqp0w0000gn/T/"/>
    <property name="idea.version" value="2022.2.2"/>
    <property name="java.version" value="1.8.0_312"/>
    <property name="user.dir" value="/Users/jay/Desktop/Java/GitHubProject/saTokenTest/saTokenDemo"/>
    <property name="os.arch" value="aarch64"/>
    <property name="socksProxyPort" value="7890"/>
    <property name="java.vm.specification.name" value="Java Virtual Machine Specification"/>
    <property name="java.awt.printerjob" value="sun.lwawt.macosx.CPrinterJob"/>
    <property name="sun.os.patch.level" value="unknown"/>
    <property name="java.library.path" value="/Users/jay/Library/Java/Extensions:/Library/Java/Extensions:/Network/Library/Java/Extensions:/System/Library/Java/Extensions:/usr/lib/java:."/>
    <property name="java.vm.info" value="mixed mode"/>
    <property name="java.vendor" value="Azul Systems, Inc."/>
    <property name="java.vm.version" value="25.312-b07"/>
    <property name="java.ext.dirs" value="/Users/jay/Library/Java/Extensions:/Library/Java/JavaVirtualMachines/zulu-8.jdk/Contents/Home/jre/lib/ext:/Library/Java/Extensions:/Network/Library/Java/Extensions:/System/Library/Java/Extensions:/usr/lib/java"/>
    <property name="sun.io.unicode.encoding" value="UnicodeBig"/>
    <property name="maven.repo.local" value="/Users/jay/Desktop/Java/learn/maven_repository"/>
    <property name="java.class.version" value="52.0"/>
    <property name="socksNonProxyHosts" value="192.168.0.0/16|*.192.168.0.0/16|10.0.0.0/8|*.10.0.0.0/8|172.16.0.0/12|*.172.16.0.0/12|127.0.0.1|localhost|*.localhost|local|*.local|crashlytics.com|*.crashlytics.com|www.scootersoftware.com|*.www.scootersoftware.com|scootersoftware.com|*.scootersoftware.com"/>
    <property name="http.proxyPort" value="7890"/>
  </properties>
  <testcase name="get" classname="com.yeweiyang.token.Test1114ApplicationTests" time="0.005">
    <error message="Failed to load ApplicationContext" type="java.lang.IllegalStateException">java.lang.IllegalStateException: Failed to load ApplicationContext
Caused by: java.lang.IllegalStateException: Failed to introspect Class [com.yeweiyang.token.serivice.serviceImpl.JayServiceImpl] from ClassLoader [sun.misc.Launcher$AppClassLoader@3d4eac69]
Caused by: java.lang.VerifyError: class icu.mhb.mybatisplus.plugln.core.support.SupportJoinLambdaWrapper overrides final method initNeed.()V
</error>
    <system-out><![CDATA[18:41:28.356 [main] DEBUG org.springframework.test.context.BootstrapUtils - Instantiating CacheAwareContextLoaderDelegate from class [org.springframework.test.context.cache.DefaultCacheAwareContextLoaderDelegate]
18:41:28.363 [main] DEBUG org.springframework.test.context.BootstrapUtils - Instantiating BootstrapContext using constructor [public org.springframework.test.context.support.DefaultBootstrapContext(java.lang.Class,org.springframework.test.context.CacheAwareContextLoaderDelegate)]
18:41:28.382 [main] DEBUG org.springframework.test.context.BootstrapUtils - Instantiating TestContextBootstrapper for test class [com.yeweiyang.token.Test1114ApplicationTests] from class [org.springframework.boot.test.context.SpringBootTestContextBootstrapper]
18:41:28.388 [main] INFO org.springframework.boot.test.context.SpringBootTestContextBootstrapper - Neither @ContextConfiguration nor @ContextHierarchy found for test class [com.yeweiyang.token.Test1114ApplicationTests], using SpringBootContextLoader
18:41:28.390 [main] DEBUG org.springframework.test.context.support.AbstractContextLoader - Did not detect default resource location for test class [com.yeweiyang.token.Test1114ApplicationTests]: class path resource [com/yeweiyang/token/Test1114ApplicationTests-context.xml] does not exist
18:41:28.390 [main] DEBUG org.springframework.test.context.support.AbstractContextLoader - Did not detect default resource location for test class [com.yeweiyang.token.Test1114ApplicationTests]: class path resource [com/yeweiyang/token/Test1114ApplicationTestsContext.groovy] does not exist
18:41:28.390 [main] INFO org.springframework.test.context.support.AbstractContextLoader - Could not detect default resource locations for test class [com.yeweiyang.token.Test1114ApplicationTests]: no resource found for suffixes {-context.xml, Context.groovy}.
18:41:28.391 [main] INFO org.springframework.test.context.support.AnnotationConfigContextLoaderUtils - Could not detect default configuration classes for test class [com.yeweiyang.token.Test1114ApplicationTests]: Test1114ApplicationTests does not declare any static, non-private, non-final, nested classes annotated with @Configuration.
18:41:28.413 [main] DEBUG org.springframework.test.context.support.ActiveProfilesUtils - Could not find an 'annotation declaring class' for annotation type [org.springframework.test.context.ActiveProfiles] and class [com.yeweiyang.token.Test1114ApplicationTests]
18:41:28.449 [main] DEBUG org.springframework.context.annotation.ClassPathScanningCandidateComponentProvider - Identified candidate component class: file [/Users/jay/Desktop/Java/GitHubProject/saTokenTest/saTokenDemo/target/classes/com/yeweiyang/token/SatokenDemoApplication.class]
18:41:28.449 [main] INFO org.springframework.boot.test.context.SpringBootTestContextBootstrapper - Found @SpringBootConfiguration com.yeweiyang.token.SatokenDemoApplication for test class com.yeweiyang.token.Test1114ApplicationTests
18:41:28.506 [main] DEBUG org.springframework.boot.test.context.SpringBootTestContextBootstrapper - @TestExecutionListeners is not present for class [com.yeweiyang.token.Test1114ApplicationTests]: using defaults.
18:41:28.506 [main] INFO org.springframework.boot.test.context.SpringBootTestContextBootstrapper - Loaded default TestExecutionListener class names from location [META-INF/spring.factories]: [org.springframework.boot.test.mock.mockito.MockitoTestExecutionListener, org.springframework.boot.test.mock.mockito.ResetMocksTestExecutionListener, org.springframework.boot.test.autoconfigure.restdocs.RestDocsTestExecutionListener, org.springframework.boot.test.autoconfigure.web.client.MockRestServiceServerResetTestExecutionListener, org.springframework.boot.test.autoconfigure.web.servlet.MockMvcPrintOnlyOnFailureTestExecutionListener, org.springframework.boot.test.autoconfigure.web.servlet.WebDriverTestExecutionListener, org.springframework.boot.test.autoconfigure.webservices.client.MockWebServiceServerTestExecutionListener, org.springframework.test.context.web.ServletTestExecutionListener, org.springframework.test.context.support.DirtiesContextBeforeModesTestExecutionListener, org.springframework.test.context.support.DependencyInjectionTestExecutionListener, org.springframework.test.context.support.DirtiesContextTestExecutionListener, org.springframework.test.context.transaction.TransactionalTestExecutionListener, org.springframework.test.context.jdbc.SqlScriptsTestExecutionListener, org.springframework.test.context.event.EventPublishingTestExecutionListener]
18:41:28.515 [main] INFO org.springframework.boot.test.context.SpringBootTestContextBootstrapper - Using TestExecutionListeners: [org.springframework.test.context.web.ServletTestExecutionListener@79207381, org.springframework.test.context.support.DirtiesContextBeforeModesTestExecutionListener@491b9b8, org.springframework.boot.test.mock.mockito.MockitoTestExecutionListener@1a4927d6, org.springframework.boot.test.autoconfigure.SpringBootDependencyInjectionTestExecutionListener@7a6d7e92, org.springframework.test.context.support.DirtiesContextTestExecutionListener@aba625, org.springframework.test.context.transaction.TransactionalTestExecutionListener@97e93f1, org.springframework.test.context.jdbc.SqlScriptsTestExecutionListener@5a5a729f, org.springframework.test.context.event.EventPublishingTestExecutionListener@4b520ea8, org.springframework.boot.test.mock.mockito.ResetMocksTestExecutionListener@16150369, org.springframework.boot.test.autoconfigure.restdocs.RestDocsTestExecutionListener@6b09fb41, org.springframework.boot.test.autoconfigure.web.client.MockRestServiceServerResetTestExecutionListener@624ea235, org.springframework.boot.test.autoconfigure.web.servlet.MockMvcPrintOnlyOnFailureTestExecutionListener@3932c79a, org.springframework.boot.test.autoconfigure.web.servlet.WebDriverTestExecutionListener@782859e, org.springframework.boot.test.autoconfigure.webservices.client.MockWebServiceServerTestExecutionListener@23f5b5dc]
18:41:28.518 [main] DEBUG org.springframework.test.context.support.AbstractDirtiesContextTestExecutionListener - Before test class: context [DefaultTestContext@47caedad testClass = Test1114ApplicationTests, testInstance = [null], testMethod = [null], testException = [null], mergedContextConfiguration = [WebMergedContextConfiguration@7139992f testClass = Test1114ApplicationTests, locations = '{}', classes = '{class com.yeweiyang.token.SatokenDemoApplication}', contextInitializerClasses = '[]', activeProfiles = '{}', propertySourceLocations = '{}', propertySourceProperties = '{org.springframework.boot.test.context.SpringBootTestContextBootstrapper=true}', contextCustomizers = set[org.springframework.boot.test.context.filter.ExcludeFilterContextCustomizer@5fdcaa40, org.springframework.boot.test.json.DuplicateJsonObjectContextCustomizerFactory$DuplicateJsonObjectContextCustomizer@32eff876, org.springframework.boot.test.mock.mockito.MockitoContextCustomizer@0, org.springframework.boot.test.web.client.TestRestTemplateContextCustomizer@4a94ee4, org.springframework.boot.test.autoconfigure.actuate.metrics.MetricsExportContextCustomizerFactory$DisableMetricExportContextCustomizer@1aa7ecca, org.springframework.boot.test.autoconfigure.properties.PropertyMappingContextCustomizer@0, org.springframework.boot.test.autoconfigure.web.servlet.WebDriverContextCustomizerFactory$Customizer@36bc55de, org.springframework.boot.test.context.SpringBootTestArgs@1, org.springframework.boot.test.context.SpringBootTestWebEnvironment@4678c730], resourceBasePath = 'src/main/webapp', contextLoader = 'org.springframework.boot.test.context.SpringBootContextLoader', parent = [null]], attributes = map['org.springframework.test.context.web.ServletTestExecutionListener.activateListener' -> true]], class annotated with @DirtiesContext [false] with mode [null].
18:41:28.534 [main] DEBUG org.springframework.test.context.support.TestPropertySourceUtils - Adding inlined properties to environment: {spring.jmx.enabled=false, org.springframework.boot.test.context.SpringBootTestContextBootstrapper=true}

  .   ____          _            __ _ _
 /\\ / ___'_ __ _ _(_)_ __  __ _ \ \ \ \
( ( )\___ | '_ | '_| | '_ \/ _` | \ \ \ \
 \\/  ___)| |_)| | | | | || (_| |  ) ) ) )
  '  |____| .__|_| |_|_| |_\__, | / / / /
 =========|_|==============|___/=/_/_/_/
 :: Spring Boot ::                (v2.4.1)

2022-10-13 18:41:28.699  INFO 17204 --- [           main] c.y.token.Test1114ApplicationTests       : Starting Test1114ApplicationTests using Java 1.8.0_312 on musideMacBook-Pro.local with PID 17204 (started by jay in /Users/jay/Desktop/Java/GitHubProject/saTokenTest/saTokenDemo)
2022-10-13 18:41:28.699  INFO 17204 --- [           main] c.y.token.Test1114ApplicationTests       : The following profiles are active: dev
2022-10-13 18:41:29.185  WARN 17204 --- [           main] o.m.s.mapper.ClassPathMapperScanner      : No MyBatis mapper was found in '[com.shanghai.test1114.mapper]' package. Please check your configuration.
2022-10-13 18:41:29.321  INFO 17204 --- [           main] .s.d.r.c.RepositoryConfigurationDelegate : Multiple Spring Data modules found, entering strict repository configuration mode!
2022-10-13 18:41:29.329  INFO 17204 --- [           main] .s.d.r.c.RepositoryConfigurationDelegate : Bootstrapping Spring Data Redis repositories in DEFAULT mode.
2022-10-13 18:41:29.346  INFO 17204 --- [           main] .s.d.r.c.RepositoryConfigurationDelegate : Finished Spring Data repository scanning in 8 ms. Found 0 Redis repository interfaces.
2022-10-13 18:41:29.511 ERROR 17204 --- [           main] o.s.boot.SpringApplication               : Application run failed

java.lang.IllegalStateException: Failed to introspect Class [com.yeweiyang.token.serivice.serviceImpl.JayServiceImpl] from ClassLoader [sun.misc.Launcher$AppClassLoader@3d4eac69]
	at org.springframework.util.ReflectionUtils.getDeclaredFields(ReflectionUtils.java:737) ~[spring-core-5.3.2.jar:5.3.2]
	at org.springframework.util.ReflectionUtils.doWithFields(ReflectionUtils.java:702) ~[spring-core-5.3.2.jar:5.3.2]
	at org.springframework.util.ReflectionUtils.doWithFields(ReflectionUtils.java:687) ~[spring-core-5.3.2.jar:5.3.2]
	at org.springframework.boot.test.mock.mockito.DefinitionsParser.parse(DefinitionsParser.java:65) ~[spring-boot-test-2.4.1.jar:2.4.1]
	at org.springframework.boot.test.mock.mockito.MockitoPostProcessor.postProcessBeanFactory(MockitoPostProcessor.java:135) ~[spring-boot-test-2.4.1.jar:2.4.1]
	at org.springframework.boot.test.mock.mockito.MockitoPostProcessor.postProcessBeanFactory(MockitoPostProcessor.java:128) ~[spring-boot-test-2.4.1.jar:2.4.1]
	at org.springframework.context.support.PostProcessorRegistrationDelegate.invokeBeanFactoryPostProcessors(PostProcessorRegistrationDelegate.java:299) ~[spring-context-5.3.2.jar:5.3.2]
	at org.springframework.context.support.PostProcessorRegistrationDelegate.invokeBeanFactoryPostProcessors(PostProcessorRegistrationDelegate.java:178) ~[spring-context-5.3.2.jar:5.3.2]
	at org.springframework.context.support.AbstractApplicationContext.invokeBeanFactoryPostProcessors(AbstractApplicationContext.java:751) ~[spring-context-5.3.2.jar:5.3.2]
	at org.springframework.context.support.AbstractApplicationContext.refresh(AbstractApplicationContext.java:569) ~[spring-context-5.3.2.jar:5.3.2]
	at org.springframework.boot.SpringApplication.refresh(SpringApplication.java:767) ~[spring-boot-2.4.1.jar:2.4.1]
	at org.springframework.boot.SpringApplication.refresh(SpringApplication.java:759) ~[spring-boot-2.4.1.jar:2.4.1]
	at org.springframework.boot.SpringApplication.refreshContext(SpringApplication.java:426) ~[spring-boot-2.4.1.jar:2.4.1]
	at org.springframework.boot.SpringApplication.run(SpringApplication.java:326) ~[spring-boot-2.4.1.jar:2.4.1]
	at org.springframework.boot.test.context.SpringBootContextLoader.loadContext(SpringBootContextLoader.java:122) [spring-boot-test-2.4.1.jar:2.4.1]
	at org.springframework.test.context.cache.DefaultCacheAwareContextLoaderDelegate.loadContextInternal(DefaultCacheAwareContextLoaderDelegate.java:99) [spring-test-5.3.2.jar:5.3.2]
	at org.springframework.test.context.cache.DefaultCacheAwareContextLoaderDelegate.loadContext(DefaultCacheAwareContextLoaderDelegate.java:124) [spring-test-5.3.2.jar:5.3.2]
	at org.springframework.test.context.support.DefaultTestContext.getApplicationContext(DefaultTestContext.java:123) [spring-test-5.3.2.jar:5.3.2]
	at org.springframework.test.context.web.ServletTestExecutionListener.setUpRequestContextIfNecessary(ServletTestExecutionListener.java:190) [spring-test-5.3.2.jar:5.3.2]
	at org.springframework.test.context.web.ServletTestExecutionListener.prepareTestInstance(ServletTestExecutionListener.java:132) [spring-test-5.3.2.jar:5.3.2]
	at org.springframework.test.context.TestContextManager.prepareTestInstance(TestContextManager.java:244) [spring-test-5.3.2.jar:5.3.2]
	at org.springframework.test.context.junit.jupiter.SpringExtension.postProcessTestInstance(SpringExtension.java:137) [spring-test-5.3.2.jar:5.3.2]
	at org.junit.jupiter.engine.descriptor.ClassBasedTestDescriptor.lambda$invokeTestInstancePostProcessors$6(ClassBasedTestDescriptor.java:350) [junit-jupiter-engine-5.7.0.jar:5.7.0]
	at org.junit.jupiter.engine.descriptor.ClassBasedTestDescriptor.executeAndMaskThrowable(ClassBasedTestDescriptor.java:355) [junit-jupiter-engine-5.7.0.jar:5.7.0]
	at org.junit.jupiter.engine.descriptor.ClassBasedTestDescriptor.lambda$invokeTestInstancePostProcessors$7(ClassBasedTestDescriptor.java:350) [junit-jupiter-engine-5.7.0.jar:5.7.0]
	at java.util.stream.ReferencePipeline$3$1.accept(ReferencePipeline.java:193) ~[na:1.8.0_312]
	at java.util.stream.ReferencePipeline$2$1.accept(ReferencePipeline.java:175) ~[na:1.8.0_312]
	at java.util.ArrayList$ArrayListSpliterator.forEachRemaining(ArrayList.java:1384) ~[na:1.8.0_312]
	at java.util.stream.AbstractPipeline.copyInto(AbstractPipeline.java:482) ~[na:1.8.0_312]
	at java.util.stream.AbstractPipeline.wrapAndCopyInto(AbstractPipeline.java:472) ~[na:1.8.0_312]
	at java.util.stream.StreamSpliterators$WrappingSpliterator.forEachRemaining(StreamSpliterators.java:313) ~[na:1.8.0_312]
	at java.util.stream.Streams$ConcatSpliterator.forEachRemaining(Streams.java:743) ~[na:1.8.0_312]
	at java.util.stream.Streams$ConcatSpliterator.forEachRemaining(Streams.java:742) ~[na:1.8.0_312]
	at java.util.stream.ReferencePipeline$Head.forEach(ReferencePipeline.java:647) ~[na:1.8.0_312]
	at org.junit.jupiter.engine.descriptor.ClassBasedTestDescriptor.invokeTestInstancePostProcessors(ClassBasedTestDescriptor.java:349) [junit-jupiter-engine-5.7.0.jar:5.7.0]
	at org.junit.jupiter.engine.descriptor.ClassBasedTestDescriptor.lambda$instantiateAndPostProcessTestInstance$4(ClassBasedTestDescriptor.java:270) [junit-jupiter-engine-5.7.0.jar:5.7.0]
	at org.junit.platform.engine.support.hierarchical.ThrowableCollector.execute(ThrowableCollector.java:73) ~[junit-platform-engine-1.7.0.jar:1.7.0]
	at org.junit.jupiter.engine.descriptor.ClassBasedTestDescriptor.instantiateAndPostProcessTestInstance(ClassBasedTestDescriptor.java:269) [junit-jupiter-engine-5.7.0.jar:5.7.0]
	at org.junit.jupiter.engine.descriptor.ClassBasedTestDescriptor.lambda$testInstancesProvider$2(ClassBasedTestDescriptor.java:259) [junit-jupiter-engine-5.7.0.jar:5.7.0]
	at java.util.Optional.orElseGet(Optional.java:267) ~[na:1.8.0_312]
	at org.junit.jupiter.engine.descriptor.ClassBasedTestDescriptor.lambda$testInstancesProvider$3(ClassBasedTestDescriptor.java:258) [junit-jupiter-engine-5.7.0.jar:5.7.0]
	at org.junit.jupiter.engine.execution.TestInstancesProvider.getTestInstances(TestInstancesProvider.java:31) ~[junit-jupiter-engine-5.7.0.jar:5.7.0]
	at org.junit.jupiter.engine.descriptor.TestMethodTestDescriptor.lambda$prepare$0(TestMethodTestDescriptor.java:101) ~[junit-jupiter-engine-5.7.0.jar:5.7.0]
	at org.junit.platform.engine.support.hierarchical.ThrowableCollector.execute(ThrowableCollector.java:73) ~[junit-platform-engine-1.7.0.jar:1.7.0]
	at org.junit.jupiter.engine.descriptor.TestMethodTestDescriptor.prepare(TestMethodTestDescriptor.java:100) ~[junit-jupiter-engine-5.7.0.jar:5.7.0]
	at org.junit.jupiter.engine.descriptor.TestMethodTestDescriptor.prepare(TestMethodTestDescriptor.java:65) ~[junit-jupiter-engine-5.7.0.jar:5.7.0]
	at org.junit.platform.engine.support.hierarchical.NodeTestTask.lambda$prepare$1(NodeTestTask.java:111) ~[junit-platform-engine-1.7.0.jar:1.7.0]
	at org.junit.platform.engine.support.hierarchical.ThrowableCollector.execute(ThrowableCollector.java:73) ~[junit-platform-engine-1.7.0.jar:1.7.0]
	at org.junit.platform.engine.support.hierarchical.NodeTestTask.prepare(NodeTestTask.java:111) ~[junit-platform-engine-1.7.0.jar:1.7.0]
	at org.junit.platform.engine.support.hierarchical.NodeTestTask.execute(NodeTestTask.java:79) ~[junit-platform-engine-1.7.0.jar:1.7.0]
	at java.util.ArrayList.forEach(ArrayList.java:1259) ~[na:1.8.0_312]
	at org.junit.platform.engine.support.hierarchical.SameThreadHierarchicalTestExecutorService.invokeAll(SameThreadHierarchicalTestExecutorService.java:38) ~[junit-platform-engine-1.7.0.jar:1.7.0]
	at org.junit.platform.engine.support.hierarchical.NodeTestTask.lambda$executeRecursively$5(NodeTestTask.java:143) ~[junit-platform-engine-1.7.0.jar:1.7.0]
	at org.junit.platform.engine.support.hierarchical.ThrowableCollector.execute(ThrowableCollector.java:73) ~[junit-platform-engine-1.7.0.jar:1.7.0]
	at org.junit.platform.engine.support.hierarchical.NodeTestTask.lambda$executeRecursively$7(NodeTestTask.java:129) ~[junit-platform-engine-1.7.0.jar:1.7.0]
	at org.junit.platform.engine.support.hierarchical.Node.around(Node.java:137) ~[junit-platform-engine-1.7.0.jar:1.7.0]
	at org.junit.platform.engine.support.hierarchical.NodeTestTask.lambda$executeRecursively$8(NodeTestTask.java:127) ~[junit-platform-engine-1.7.0.jar:1.7.0]
	at org.junit.platform.engine.support.hierarchical.ThrowableCollector.execute(ThrowableCollector.java:73) ~[junit-platform-engine-1.7.0.jar:1.7.0]
	at org.junit.platform.engine.support.hierarchical.NodeTestTask.executeRecursively(NodeTestTask.java:126) ~[junit-platform-engine-1.7.0.jar:1.7.0]
	at org.junit.platform.engine.support.hierarchical.NodeTestTask.execute(NodeTestTask.java:84) ~[junit-platform-engine-1.7.0.jar:1.7.0]
	at java.util.ArrayList.forEach(ArrayList.java:1259) ~[na:1.8.0_312]
	at org.junit.platform.engine.support.hierarchical.SameThreadHierarchicalTestExecutorService.invokeAll(SameThreadHierarchicalTestExecutorService.java:38) ~[junit-platform-engine-1.7.0.jar:1.7.0]
	at org.junit.platform.engine.support.hierarchical.NodeTestTask.lambda$executeRecursively$5(NodeTestTask.java:143) ~[junit-platform-engine-1.7.0.jar:1.7.0]
	at org.junit.platform.engine.support.hierarchical.ThrowableCollector.execute(ThrowableCollector.java:73) ~[junit-platform-engine-1.7.0.jar:1.7.0]
	at org.junit.platform.engine.support.hierarchical.NodeTestTask.lambda$executeRecursively$7(NodeTestTask.java:129) ~[junit-platform-engine-1.7.0.jar:1.7.0]
	at org.junit.platform.engine.support.hierarchical.Node.around(Node.java:137) ~[junit-platform-engine-1.7.0.jar:1.7.0]
	at org.junit.platform.engine.support.hierarchical.NodeTestTask.lambda$executeRecursively$8(NodeTestTask.java:127) ~[junit-platform-engine-1.7.0.jar:1.7.0]
	at org.junit.platform.engine.support.hierarchical.ThrowableCollector.execute(ThrowableCollector.java:73) ~[junit-platform-engine-1.7.0.jar:1.7.0]
	at org.junit.platform.engine.support.hierarchical.NodeTestTask.executeRecursively(NodeTestTask.java:126) ~[junit-platform-engine-1.7.0.jar:1.7.0]
	at org.junit.platform.engine.support.hierarchical.NodeTestTask.execute(NodeTestTask.java:84) ~[junit-platform-engine-1.7.0.jar:1.7.0]
	at org.junit.platform.engine.support.hierarchical.SameThreadHierarchicalTestExecutorService.submit(SameThreadHierarchicalTestExecutorService.java:32) ~[junit-platform-engine-1.7.0.jar:1.7.0]
	at org.junit.platform.engine.support.hierarchical.HierarchicalTestExecutor.execute(HierarchicalTestExecutor.java:57) ~[junit-platform-engine-1.7.0.jar:1.7.0]
	at org.junit.platform.engine.support.hierarchical.HierarchicalTestEngine.execute(HierarchicalTestEngine.java:51) ~[junit-platform-engine-1.7.0.jar:1.7.0]
	at org.junit.platform.launcher.core.DefaultLauncher.execute(DefaultLauncher.java:220) ~[junit-platform-launcher-1.3.1.jar:1.3.1]
	at org.junit.platform.launcher.core.DefaultLauncher.lambda$execute$6(DefaultLauncher.java:188) ~[junit-platform-launcher-1.3.1.jar:1.3.1]
	at org.junit.platform.launcher.core.DefaultLauncher.withInterceptedStreams(DefaultLauncher.java:202) ~[junit-platform-launcher-1.3.1.jar:1.3.1]
	at org.junit.platform.launcher.core.DefaultLauncher.execute(DefaultLauncher.java:181) ~[junit-platform-launcher-1.3.1.jar:1.3.1]
	at org.junit.platform.launcher.core.DefaultLauncher.execute(DefaultLauncher.java:128) ~[junit-platform-launcher-1.3.1.jar:1.3.1]
	at org.apache.maven.surefire.junitplatform.JUnitPlatformProvider.invokeAllTests(JUnitPlatformProvider.java:150) ~[surefire-junit-platform-2.22.2.jar:2.22.2]
	at org.apache.maven.surefire.junitplatform.JUnitPlatformProvider.invoke(JUnitPlatformProvider.java:124) ~[surefire-junit-platform-2.22.2.jar:2.22.2]
	at org.apache.maven.surefire.booter.ForkedBooter.invokeProviderInSameClassLoader(ForkedBooter.java:384) ~[surefire-booter-2.22.2.jar:2.22.2]
	at org.apache.maven.surefire.booter.ForkedBooter.runSuitesInProcess(ForkedBooter.java:345) ~[surefire-booter-2.22.2.jar:2.22.2]
	at org.apache.maven.surefire.booter.ForkedBooter.execute(ForkedBooter.java:126) ~[surefire-booter-2.22.2.jar:2.22.2]
	at org.apache.maven.surefire.booter.ForkedBooter.main(ForkedBooter.java:418) ~[surefire-booter-2.22.2.jar:2.22.2]
Caused by: java.lang.VerifyError: class icu.mhb.mybatisplus.plugln.core.support.SupportJoinLambdaWrapper overrides final method initNeed.()V
	at java.lang.ClassLoader.defineClass1(Native Method) ~[na:1.8.0_312]
	at java.lang.ClassLoader.defineClass(ClassLoader.java:757) ~[na:1.8.0_312]
	at java.security.SecureClassLoader.defineClass(SecureClassLoader.java:142) ~[na:1.8.0_312]
	at java.net.URLClassLoader.defineClass(URLClassLoader.java:473) ~[na:1.8.0_312]
	at java.net.URLClassLoader.access$100(URLClassLoader.java:74) ~[na:1.8.0_312]
	at java.net.URLClassLoader$1.run(URLClassLoader.java:369) ~[na:1.8.0_312]
	at java.net.URLClassLoader$1.run(URLClassLoader.java:363) ~[na:1.8.0_312]
	at java.security.AccessController.doPrivileged(Native Method) ~[na:1.8.0_312]
	at java.net.URLClassLoader.findClass(URLClassLoader.java:362) ~[na:1.8.0_312]
	at java.lang.ClassLoader.loadClass(ClassLoader.java:419) ~[na:1.8.0_312]
	at sun.misc.Launcher$AppClassLoader.loadClass(Launcher.java:352) ~[na:1.8.0_312]
	at java.lang.ClassLoader.loadClass(ClassLoader.java:352) ~[na:1.8.0_312]
	at java.lang.ClassLoader.defineClass1(Native Method) ~[na:1.8.0_312]
	at java.lang.ClassLoader.defineClass(ClassLoader.java:757) ~[na:1.8.0_312]
	at java.security.SecureClassLoader.defineClass(SecureClassLoader.java:142) ~[na:1.8.0_312]
	at java.net.URLClassLoader.defineClass(URLClassLoader.java:473) ~[na:1.8.0_312]
	at java.net.URLClassLoader.access$100(URLClassLoader.java:74) ~[na:1.8.0_312]
	at java.net.URLClassLoader$1.run(URLClassLoader.java:369) ~[na:1.8.0_312]
	at java.net.URLClassLoader$1.run(URLClassLoader.java:363) ~[na:1.8.0_312]
	at java.security.AccessController.doPrivileged(Native Method) ~[na:1.8.0_312]
	at java.net.URLClassLoader.findClass(URLClassLoader.java:362) ~[na:1.8.0_312]
	at java.lang.ClassLoader.loadClass(ClassLoader.java:419) ~[na:1.8.0_312]
	at sun.misc.Launcher$AppClassLoader.loadClass(Launcher.java:352) ~[na:1.8.0_312]
	at java.lang.ClassLoader.loadClass(ClassLoader.java:352) ~[na:1.8.0_312]
	at java.lang.Class.getDeclaredFields0(Native Method) ~[na:1.8.0_312]
	at java.lang.Class.privateGetDeclaredFields(Class.java:2583) ~[na:1.8.0_312]
	at java.lang.Class.getDeclaredFields(Class.java:1916) ~[na:1.8.0_312]
	at org.springframework.util.ReflectionUtils.getDeclaredFields(ReflectionUtils.java:732) ~[spring-core-5.3.2.jar:5.3.2]
	... 83 common frames omitted

2022-10-13 18:41:29.515 ERROR 17204 --- [           main] o.s.test.context.TestContextManager      : Caught exception while allowing TestExecutionListener [org.springframework.test.context.web.ServletTestExecutionListener@79207381] to prepare test instance [com.yeweiyang.token.Test1114ApplicationTests@1391af3b]

java.lang.IllegalStateException: Failed to load ApplicationContext
	at org.springframework.test.context.cache.DefaultCacheAwareContextLoaderDelegate.loadContext(DefaultCacheAwareContextLoaderDelegate.java:132) ~[spring-test-5.3.2.jar:5.3.2]
	at org.springframework.test.context.support.DefaultTestContext.getApplicationContext(DefaultTestContext.java:123) ~[spring-test-5.3.2.jar:5.3.2]
	at org.springframework.test.context.web.ServletTestExecutionListener.setUpRequestContextIfNecessary(ServletTestExecutionListener.java:190) ~[spring-test-5.3.2.jar:5.3.2]
	at org.springframework.test.context.web.ServletTestExecutionListener.prepareTestInstance(ServletTestExecutionListener.java:132) ~[spring-test-5.3.2.jar:5.3.2]
	at org.springframework.test.context.TestContextManager.prepareTestInstance(TestContextManager.java:244) ~[spring-test-5.3.2.jar:5.3.2]
	at org.springframework.test.context.junit.jupiter.SpringExtension.postProcessTestInstance(SpringExtension.java:137) [spring-test-5.3.2.jar:5.3.2]
	at org.junit.jupiter.engine.descriptor.ClassBasedTestDescriptor.lambda$invokeTestInstancePostProcessors$6(ClassBasedTestDescriptor.java:350) [junit-jupiter-engine-5.7.0.jar:5.7.0]
	at org.junit.jupiter.engine.descriptor.ClassBasedTestDescriptor.executeAndMaskThrowable(ClassBasedTestDescriptor.java:355) [junit-jupiter-engine-5.7.0.jar:5.7.0]
	at org.junit.jupiter.engine.descriptor.ClassBasedTestDescriptor.lambda$invokeTestInstancePostProcessors$7(ClassBasedTestDescriptor.java:350) [junit-jupiter-engine-5.7.0.jar:5.7.0]
	at java.util.stream.ReferencePipeline$3$1.accept(ReferencePipeline.java:193) ~[na:1.8.0_312]
	at java.util.stream.ReferencePipeline$2$1.accept(ReferencePipeline.java:175) ~[na:1.8.0_312]
	at java.util.ArrayList$ArrayListSpliterator.forEachRemaining(ArrayList.java:1384) ~[na:1.8.0_312]
	at java.util.stream.AbstractPipeline.copyInto(AbstractPipeline.java:482) ~[na:1.8.0_312]
	at java.util.stream.AbstractPipeline.wrapAndCopyInto(AbstractPipeline.java:472) ~[na:1.8.0_312]
	at java.util.stream.StreamSpliterators$WrappingSpliterator.forEachRemaining(StreamSpliterators.java:313) ~[na:1.8.0_312]
	at java.util.stream.Streams$ConcatSpliterator.forEachRemaining(Streams.java:743) ~[na:1.8.0_312]
	at java.util.stream.Streams$ConcatSpliterator.forEachRemaining(Streams.java:742) ~[na:1.8.0_312]
	at java.util.stream.ReferencePipeline$Head.forEach(ReferencePipeline.java:647) ~[na:1.8.0_312]
	at org.junit.jupiter.engine.descriptor.ClassBasedTestDescriptor.invokeTestInstancePostProcessors(ClassBasedTestDescriptor.java:349) [junit-jupiter-engine-5.7.0.jar:5.7.0]
	at org.junit.jupiter.engine.descriptor.ClassBasedTestDescriptor.lambda$instantiateAndPostProcessTestInstance$4(ClassBasedTestDescriptor.java:270) [junit-jupiter-engine-5.7.0.jar:5.7.0]
	at org.junit.platform.engine.support.hierarchical.ThrowableCollector.execute(ThrowableCollector.java:73) ~[junit-platform-engine-1.7.0.jar:1.7.0]
	at org.junit.jupiter.engine.descriptor.ClassBasedTestDescriptor.instantiateAndPostProcessTestInstance(ClassBasedTestDescriptor.java:269) [junit-jupiter-engine-5.7.0.jar:5.7.0]
	at org.junit.jupiter.engine.descriptor.ClassBasedTestDescriptor.lambda$testInstancesProvider$2(ClassBasedTestDescriptor.java:259) [junit-jupiter-engine-5.7.0.jar:5.7.0]
	at java.util.Optional.orElseGet(Optional.java:267) ~[na:1.8.0_312]
	at org.junit.jupiter.engine.descriptor.ClassBasedTestDescriptor.lambda$testInstancesProvider$3(ClassBasedTestDescriptor.java:258) [junit-jupiter-engine-5.7.0.jar:5.7.0]
	at org.junit.jupiter.engine.execution.TestInstancesProvider.getTestInstances(TestInstancesProvider.java:31) ~[junit-jupiter-engine-5.7.0.jar:5.7.0]
	at org.junit.jupiter.engine.descriptor.TestMethodTestDescriptor.lambda$prepare$0(TestMethodTestDescriptor.java:101) ~[junit-jupiter-engine-5.7.0.jar:5.7.0]
	at org.junit.platform.engine.support.hierarchical.ThrowableCollector.execute(ThrowableCollector.java:73) ~[junit-platform-engine-1.7.0.jar:1.7.0]
	at org.junit.jupiter.engine.descriptor.TestMethodTestDescriptor.prepare(TestMethodTestDescriptor.java:100) ~[junit-jupiter-engine-5.7.0.jar:5.7.0]
	at org.junit.jupiter.engine.descriptor.TestMethodTestDescriptor.prepare(TestMethodTestDescriptor.java:65) ~[junit-jupiter-engine-5.7.0.jar:5.7.0]
	at org.junit.platform.engine.support.hierarchical.NodeTestTask.lambda$prepare$1(NodeTestTask.java:111) ~[junit-platform-engine-1.7.0.jar:1.7.0]
	at org.junit.platform.engine.support.hierarchical.ThrowableCollector.execute(ThrowableCollector.java:73) ~[junit-platform-engine-1.7.0.jar:1.7.0]
	at org.junit.platform.engine.support.hierarchical.NodeTestTask.prepare(NodeTestTask.java:111) ~[junit-platform-engine-1.7.0.jar:1.7.0]
	at org.junit.platform.engine.support.hierarchical.NodeTestTask.execute(NodeTestTask.java:79) ~[junit-platform-engine-1.7.0.jar:1.7.0]
	at java.util.ArrayList.forEach(ArrayList.java:1259) ~[na:1.8.0_312]
	at org.junit.platform.engine.support.hierarchical.SameThreadHierarchicalTestExecutorService.invokeAll(SameThreadHierarchicalTestExecutorService.java:38) ~[junit-platform-engine-1.7.0.jar:1.7.0]
	at org.junit.platform.engine.support.hierarchical.NodeTestTask.lambda$executeRecursively$5(NodeTestTask.java:143) ~[junit-platform-engine-1.7.0.jar:1.7.0]
	at org.junit.platform.engine.support.hierarchical.ThrowableCollector.execute(ThrowableCollector.java:73) ~[junit-platform-engine-1.7.0.jar:1.7.0]
	at org.junit.platform.engine.support.hierarchical.NodeTestTask.lambda$executeRecursively$7(NodeTestTask.java:129) ~[junit-platform-engine-1.7.0.jar:1.7.0]
	at org.junit.platform.engine.support.hierarchical.Node.around(Node.java:137) ~[junit-platform-engine-1.7.0.jar:1.7.0]
	at org.junit.platform.engine.support.hierarchical.NodeTestTask.lambda$executeRecursively$8(NodeTestTask.java:127) ~[junit-platform-engine-1.7.0.jar:1.7.0]
	at org.junit.platform.engine.support.hierarchical.ThrowableCollector.execute(ThrowableCollector.java:73) ~[junit-platform-engine-1.7.0.jar:1.7.0]
	at org.junit.platform.engine.support.hierarchical.NodeTestTask.executeRecursively(NodeTestTask.java:126) ~[junit-platform-engine-1.7.0.jar:1.7.0]
	at org.junit.platform.engine.support.hierarchical.NodeTestTask.execute(NodeTestTask.java:84) ~[junit-platform-engine-1.7.0.jar:1.7.0]
	at java.util.ArrayList.forEach(ArrayList.java:1259) ~[na:1.8.0_312]
	at org.junit.platform.engine.support.hierarchical.SameThreadHierarchicalTestExecutorService.invokeAll(SameThreadHierarchicalTestExecutorService.java:38) ~[junit-platform-engine-1.7.0.jar:1.7.0]
	at org.junit.platform.engine.support.hierarchical.NodeTestTask.lambda$executeRecursively$5(NodeTestTask.java:143) ~[junit-platform-engine-1.7.0.jar:1.7.0]
	at org.junit.platform.engine.support.hierarchical.ThrowableCollector.execute(ThrowableCollector.java:73) ~[junit-platform-engine-1.7.0.jar:1.7.0]
	at org.junit.platform.engine.support.hierarchical.NodeTestTask.lambda$executeRecursively$7(NodeTestTask.java:129) ~[junit-platform-engine-1.7.0.jar:1.7.0]
	at org.junit.platform.engine.support.hierarchical.Node.around(Node.java:137) ~[junit-platform-engine-1.7.0.jar:1.7.0]
	at org.junit.platform.engine.support.hierarchical.NodeTestTask.lambda$executeRecursively$8(NodeTestTask.java:127) ~[junit-platform-engine-1.7.0.jar:1.7.0]
	at org.junit.platform.engine.support.hierarchical.ThrowableCollector.execute(ThrowableCollector.java:73) ~[junit-platform-engine-1.7.0.jar:1.7.0]
	at org.junit.platform.engine.support.hierarchical.NodeTestTask.executeRecursively(NodeTestTask.java:126) ~[junit-platform-engine-1.7.0.jar:1.7.0]
	at org.junit.platform.engine.support.hierarchical.NodeTestTask.execute(NodeTestTask.java:84) ~[junit-platform-engine-1.7.0.jar:1.7.0]
	at org.junit.platform.engine.support.hierarchical.SameThreadHierarchicalTestExecutorService.submit(SameThreadHierarchicalTestExecutorService.java:32) ~[junit-platform-engine-1.7.0.jar:1.7.0]
	at org.junit.platform.engine.support.hierarchical.HierarchicalTestExecutor.execute(HierarchicalTestExecutor.java:57) ~[junit-platform-engine-1.7.0.jar:1.7.0]
	at org.junit.platform.engine.support.hierarchical.HierarchicalTestEngine.execute(HierarchicalTestEngine.java:51) ~[junit-platform-engine-1.7.0.jar:1.7.0]
	at org.junit.platform.launcher.core.DefaultLauncher.execute(DefaultLauncher.java:220) ~[junit-platform-launcher-1.3.1.jar:1.3.1]
	at org.junit.platform.launcher.core.DefaultLauncher.lambda$execute$6(DefaultLauncher.java:188) ~[junit-platform-launcher-1.3.1.jar:1.3.1]
	at org.junit.platform.launcher.core.DefaultLauncher.withInterceptedStreams(DefaultLauncher.java:202) ~[junit-platform-launcher-1.3.1.jar:1.3.1]
	at org.junit.platform.launcher.core.DefaultLauncher.execute(DefaultLauncher.java:181) ~[junit-platform-launcher-1.3.1.jar:1.3.1]
	at org.junit.platform.launcher.core.DefaultLauncher.execute(DefaultLauncher.java:128) ~[junit-platform-launcher-1.3.1.jar:1.3.1]
	at org.apache.maven.surefire.junitplatform.JUnitPlatformProvider.invokeAllTests(JUnitPlatformProvider.java:150) ~[surefire-junit-platform-2.22.2.jar:2.22.2]
	at org.apache.maven.surefire.junitplatform.JUnitPlatformProvider.invoke(JUnitPlatformProvider.java:124) ~[surefire-junit-platform-2.22.2.jar:2.22.2]
	at org.apache.maven.surefire.booter.ForkedBooter.invokeProviderInSameClassLoader(ForkedBooter.java:384) ~[surefire-booter-2.22.2.jar:2.22.2]
	at org.apache.maven.surefire.booter.ForkedBooter.runSuitesInProcess(ForkedBooter.java:345) ~[surefire-booter-2.22.2.jar:2.22.2]
	at org.apache.maven.surefire.booter.ForkedBooter.execute(ForkedBooter.java:126) ~[surefire-booter-2.22.2.jar:2.22.2]
	at org.apache.maven.surefire.booter.ForkedBooter.main(ForkedBooter.java:418) ~[surefire-booter-2.22.2.jar:2.22.2]
Caused by: java.lang.IllegalStateException: Failed to introspect Class [com.yeweiyang.token.serivice.serviceImpl.JayServiceImpl] from ClassLoader [sun.misc.Launcher$AppClassLoader@3d4eac69]
	at org.springframework.util.ReflectionUtils.getDeclaredFields(ReflectionUtils.java:737) ~[spring-core-5.3.2.jar:5.3.2]
	at org.springframework.util.ReflectionUtils.doWithFields(ReflectionUtils.java:702) ~[spring-core-5.3.2.jar:5.3.2]
	at org.springframework.util.ReflectionUtils.doWithFields(ReflectionUtils.java:687) ~[spring-core-5.3.2.jar:5.3.2]
	at org.springframework.boot.test.mock.mockito.DefinitionsParser.parse(DefinitionsParser.java:65) ~[spring-boot-test-2.4.1.jar:2.4.1]
	at org.springframework.boot.test.mock.mockito.MockitoPostProcessor.postProcessBeanFactory(MockitoPostProcessor.java:135) ~[spring-boot-test-2.4.1.jar:2.4.1]
	at org.springframework.boot.test.mock.mockito.MockitoPostProcessor.postProcessBeanFactory(MockitoPostProcessor.java:128) ~[spring-boot-test-2.4.1.jar:2.4.1]
	at org.springframework.context.support.PostProcessorRegistrationDelegate.invokeBeanFactoryPostProcessors(PostProcessorRegistrationDelegate.java:299) ~[spring-context-5.3.2.jar:5.3.2]
	at org.springframework.context.support.PostProcessorRegistrationDelegate.invokeBeanFactoryPostProcessors(PostProcessorRegistrationDelegate.java:178) ~[spring-context-5.3.2.jar:5.3.2]
	at org.springframework.context.support.AbstractApplicationContext.invokeBeanFactoryPostProcessors(AbstractApplicationContext.java:751) ~[spring-context-5.3.2.jar:5.3.2]
	at org.springframework.context.support.AbstractApplicationContext.refresh(AbstractApplicationContext.java:569) ~[spring-context-5.3.2.jar:5.3.2]
	at org.springframework.boot.SpringApplication.refresh(SpringApplication.java:767) ~[spring-boot-2.4.1.jar:2.4.1]
	at org.springframework.boot.SpringApplication.refresh(SpringApplication.java:759) ~[spring-boot-2.4.1.jar:2.4.1]
	at org.springframework.boot.SpringApplication.refreshContext(SpringApplication.java:426) ~[spring-boot-2.4.1.jar:2.4.1]
	at org.springframework.boot.SpringApplication.run(SpringApplication.java:326) ~[spring-boot-2.4.1.jar:2.4.1]
	at org.springframework.boot.test.context.SpringBootContextLoader.loadContext(SpringBootContextLoader.java:122) ~[spring-boot-test-2.4.1.jar:2.4.1]
	at org.springframework.test.context.cache.DefaultCacheAwareContextLoaderDelegate.loadContextInternal(DefaultCacheAwareContextLoaderDelegate.java:99) ~[spring-test-5.3.2.jar:5.3.2]
	at org.springframework.test.context.cache.DefaultCacheAwareContextLoaderDelegate.loadContext(DefaultCacheAwareContextLoaderDelegate.java:124) ~[spring-test-5.3.2.jar:5.3.2]
	... 67 common frames omitted
Caused by: java.lang.VerifyError: class icu.mhb.mybatisplus.plugln.core.support.SupportJoinLambdaWrapper overrides final method initNeed.()V
	at java.lang.ClassLoader.defineClass1(Native Method) ~[na:1.8.0_312]
	at java.lang.ClassLoader.defineClass(ClassLoader.java:757) ~[na:1.8.0_312]
	at java.security.SecureClassLoader.defineClass(SecureClassLoader.java:142) ~[na:1.8.0_312]
	at java.net.URLClassLoader.defineClass(URLClassLoader.java:473) ~[na:1.8.0_312]
	at java.net.URLClassLoader.access$100(URLClassLoader.java:74) ~[na:1.8.0_312]
	at java.net.URLClassLoader$1.run(URLClassLoader.java:369) ~[na:1.8.0_312]
	at java.net.URLClassLoader$1.run(URLClassLoader.java:363) ~[na:1.8.0_312]
	at java.security.AccessController.doPrivileged(Native Method) ~[na:1.8.0_312]
	at java.net.URLClassLoader.findClass(URLClassLoader.java:362) ~[na:1.8.0_312]
	at java.lang.ClassLoader.loadClass(ClassLoader.java:419) ~[na:1.8.0_312]
	at sun.misc.Launcher$AppClassLoader.loadClass(Launcher.java:352) ~[na:1.8.0_312]
	at java.lang.ClassLoader.loadClass(ClassLoader.java:352) ~[na:1.8.0_312]
	at java.lang.ClassLoader.defineClass1(Native Method) ~[na:1.8.0_312]
	at java.lang.ClassLoader.defineClass(ClassLoader.java:757) ~[na:1.8.0_312]
	at java.security.SecureClassLoader.defineClass(SecureClassLoader.java:142) ~[na:1.8.0_312]
	at java.net.URLClassLoader.defineClass(URLClassLoader.java:473) ~[na:1.8.0_312]
	at java.net.URLClassLoader.access$100(URLClassLoader.java:74) ~[na:1.8.0_312]
	at java.net.URLClassLoader$1.run(URLClassLoader.java:369) ~[na:1.8.0_312]
	at java.net.URLClassLoader$1.run(URLClassLoader.java:363) ~[na:1.8.0_312]
	at java.security.AccessController.doPrivileged(Native Method) ~[na:1.8.0_312]
	at java.net.URLClassLoader.findClass(URLClassLoader.java:362) ~[na:1.8.0_312]
	at java.lang.ClassLoader.loadClass(ClassLoader.java:419) ~[na:1.8.0_312]
	at sun.misc.Launcher$AppClassLoader.loadClass(Launcher.java:352) ~[na:1.8.0_312]
	at java.lang.ClassLoader.loadClass(ClassLoader.java:352) ~[na:1.8.0_312]
	at java.lang.Class.getDeclaredFields0(Native Method) ~[na:1.8.0_312]
	at java.lang.Class.privateGetDeclaredFields(Class.java:2583) ~[na:1.8.0_312]
	at java.lang.Class.getDeclaredFields(Class.java:1916) ~[na:1.8.0_312]
	at org.springframework.util.ReflectionUtils.getDeclaredFields(ReflectionUtils.java:732) ~[spring-core-5.3.2.jar:5.3.2]
	... 83 common frames omitted

]]></system-out>
  </testcase>
  <testcase name="set" classname="com.yeweiyang.token.Test1114ApplicationTests" time="0">
    <error message="Failed to load ApplicationContext" type="java.lang.IllegalStateException">java.lang.IllegalStateException: Failed to load ApplicationContext
Caused by: java.lang.IllegalStateException: Failed to introspect Class [com.yeweiyang.token.serivice.serviceImpl.JayServiceImpl] from ClassLoader [sun.misc.Launcher$AppClassLoader@3d4eac69]
Caused by: java.lang.VerifyError: class icu.mhb.mybatisplus.plugln.core.support.SupportJoinLambdaWrapper overrides final method initNeed.()V
</error>
    <system-out><![CDATA[
  .   ____          _            __ _ _
 /\\ / ___'_ __ _ _(_)_ __  __ _ \ \ \ \
( ( )\___ | '_ | '_| | '_ \/ _` | \ \ \ \
 \\/  ___)| |_)| | | | | || (_| |  ) ) ) )
  '  |____| .__|_| |_|_| |_\__, | / / / /
 =========|_|==============|___/=/_/_/_/
 :: Spring Boot ::                (v2.4.1)

2022-10-13 18:41:29.540  INFO 17204 --- [           main] c.y.token.Test1114ApplicationTests       : Starting Test1114ApplicationTests using Java 1.8.0_312 on musideMacBook-Pro.local with PID 17204 (started by jay in /Users/jay/Desktop/Java/GitHubProject/saTokenTest/saTokenDemo)
2022-10-13 18:41:29.540  INFO 17204 --- [           main] c.y.token.Test1114ApplicationTests       : The following profiles are active: dev
2022-10-13 18:41:29.670  WARN 17204 --- [           main] o.m.s.mapper.ClassPathMapperScanner      : No MyBatis mapper was found in '[com.shanghai.test1114.mapper]' package. Please check your configuration.
2022-10-13 18:41:29.700  INFO 17204 --- [           main] .s.d.r.c.RepositoryConfigurationDelegate : Multiple Spring Data modules found, entering strict repository configuration mode!
2022-10-13 18:41:29.700  INFO 17204 --- [           main] .s.d.r.c.RepositoryConfigurationDelegate : Bootstrapping Spring Data Redis repositories in DEFAULT mode.
2022-10-13 18:41:29.705  INFO 17204 --- [           main] .s.d.r.c.RepositoryConfigurationDelegate : Finished Spring Data repository scanning in 3 ms. Found 0 Redis repository interfaces.
2022-10-13 18:41:29.764 ERROR 17204 --- [           main] o.s.boot.SpringApplication               : Application run failed

java.lang.IllegalStateException: Failed to introspect Class [com.yeweiyang.token.serivice.serviceImpl.JayServiceImpl] from ClassLoader [sun.misc.Launcher$AppClassLoader@3d4eac69]
	at org.springframework.util.ReflectionUtils.getDeclaredFields(ReflectionUtils.java:737) ~[spring-core-5.3.2.jar:5.3.2]
	at org.springframework.util.ReflectionUtils.doWithFields(ReflectionUtils.java:702) ~[spring-core-5.3.2.jar:5.3.2]
	at org.springframework.util.ReflectionUtils.doWithFields(ReflectionUtils.java:687) ~[spring-core-5.3.2.jar:5.3.2]
	at org.springframework.boot.test.mock.mockito.DefinitionsParser.parse(DefinitionsParser.java:65) ~[spring-boot-test-2.4.1.jar:2.4.1]
	at org.springframework.boot.test.mock.mockito.MockitoPostProcessor.postProcessBeanFactory(MockitoPostProcessor.java:135) ~[spring-boot-test-2.4.1.jar:2.4.1]
	at org.springframework.boot.test.mock.mockito.MockitoPostProcessor.postProcessBeanFactory(MockitoPostProcessor.java:128) ~[spring-boot-test-2.4.1.jar:2.4.1]
	at org.springframework.context.support.PostProcessorRegistrationDelegate.invokeBeanFactoryPostProcessors(PostProcessorRegistrationDelegate.java:299) ~[spring-context-5.3.2.jar:5.3.2]
	at org.springframework.context.support.PostProcessorRegistrationDelegate.invokeBeanFactoryPostProcessors(PostProcessorRegistrationDelegate.java:178) ~[spring-context-5.3.2.jar:5.3.2]
	at org.springframework.context.support.AbstractApplicationContext.invokeBeanFactoryPostProcessors(AbstractApplicationContext.java:751) ~[spring-context-5.3.2.jar:5.3.2]
	at org.springframework.context.support.AbstractApplicationContext.refresh(AbstractApplicationContext.java:569) ~[spring-context-5.3.2.jar:5.3.2]
	at org.springframework.boot.SpringApplication.refresh(SpringApplication.java:767) ~[spring-boot-2.4.1.jar:2.4.1]
	at org.springframework.boot.SpringApplication.refresh(SpringApplication.java:759) ~[spring-boot-2.4.1.jar:2.4.1]
	at org.springframework.boot.SpringApplication.refreshContext(SpringApplication.java:426) ~[spring-boot-2.4.1.jar:2.4.1]
	at org.springframework.boot.SpringApplication.run(SpringApplication.java:326) ~[spring-boot-2.4.1.jar:2.4.1]
	at org.springframework.boot.test.context.SpringBootContextLoader.loadContext(SpringBootContextLoader.java:122) [spring-boot-test-2.4.1.jar:2.4.1]
	at org.springframework.test.context.cache.DefaultCacheAwareContextLoaderDelegate.loadContextInternal(DefaultCacheAwareContextLoaderDelegate.java:99) [spring-test-5.3.2.jar:5.3.2]
	at org.springframework.test.context.cache.DefaultCacheAwareContextLoaderDelegate.loadContext(DefaultCacheAwareContextLoaderDelegate.java:124) [spring-test-5.3.2.jar:5.3.2]
	at org.springframework.test.context.support.DefaultTestContext.getApplicationContext(DefaultTestContext.java:123) [spring-test-5.3.2.jar:5.3.2]
	at org.springframework.test.context.web.ServletTestExecutionListener.setUpRequestContextIfNecessary(ServletTestExecutionListener.java:190) [spring-test-5.3.2.jar:5.3.2]
	at org.springframework.test.context.web.ServletTestExecutionListener.prepareTestInstance(ServletTestExecutionListener.java:132) [spring-test-5.3.2.jar:5.3.2]
	at org.springframework.test.context.TestContextManager.prepareTestInstance(TestContextManager.java:244) [spring-test-5.3.2.jar:5.3.2]
	at org.springframework.test.context.junit.jupiter.SpringExtension.postProcessTestInstance(SpringExtension.java:137) [spring-test-5.3.2.jar:5.3.2]
	at org.junit.jupiter.engine.descriptor.ClassBasedTestDescriptor.lambda$invokeTestInstancePostProcessors$6(ClassBasedTestDescriptor.java:350) [junit-jupiter-engine-5.7.0.jar:5.7.0]
	at org.junit.jupiter.engine.descriptor.ClassBasedTestDescriptor.executeAndMaskThrowable(ClassBasedTestDescriptor.java:355) [junit-jupiter-engine-5.7.0.jar:5.7.0]
	at org.junit.jupiter.engine.descriptor.ClassBasedTestDescriptor.lambda$invokeTestInstancePostProcessors$7(ClassBasedTestDescriptor.java:350) [junit-jupiter-engine-5.7.0.jar:5.7.0]
	at java.util.stream.ReferencePipeline$3$1.accept(ReferencePipeline.java:193) ~[na:1.8.0_312]
	at java.util.stream.ReferencePipeline$2$1.accept(ReferencePipeline.java:175) ~[na:1.8.0_312]
	at java.util.ArrayList$ArrayListSpliterator.forEachRemaining(ArrayList.java:1384) ~[na:1.8.0_312]
	at java.util.stream.AbstractPipeline.copyInto(AbstractPipeline.java:482) ~[na:1.8.0_312]
	at java.util.stream.AbstractPipeline.wrapAndCopyInto(AbstractPipeline.java:472) ~[na:1.8.0_312]
	at java.util.stream.StreamSpliterators$WrappingSpliterator.forEachRemaining(StreamSpliterators.java:313) ~[na:1.8.0_312]
	at java.util.stream.Streams$ConcatSpliterator.forEachRemaining(Streams.java:743) ~[na:1.8.0_312]
	at java.util.stream.Streams$ConcatSpliterator.forEachRemaining(Streams.java:742) ~[na:1.8.0_312]
	at java.util.stream.ReferencePipeline$Head.forEach(ReferencePipeline.java:647) ~[na:1.8.0_312]
	at org.junit.jupiter.engine.descriptor.ClassBasedTestDescriptor.invokeTestInstancePostProcessors(ClassBasedTestDescriptor.java:349) [junit-jupiter-engine-5.7.0.jar:5.7.0]
	at org.junit.jupiter.engine.descriptor.ClassBasedTestDescriptor.lambda$instantiateAndPostProcessTestInstance$4(ClassBasedTestDescriptor.java:270) [junit-jupiter-engine-5.7.0.jar:5.7.0]
	at org.junit.platform.engine.support.hierarchical.ThrowableCollector.execute(ThrowableCollector.java:73) ~[junit-platform-engine-1.7.0.jar:1.7.0]
	at org.junit.jupiter.engine.descriptor.ClassBasedTestDescriptor.instantiateAndPostProcessTestInstance(ClassBasedTestDescriptor.java:269) [junit-jupiter-engine-5.7.0.jar:5.7.0]
	at org.junit.jupiter.engine.descriptor.ClassBasedTestDescriptor.lambda$testInstancesProvider$2(ClassBasedTestDescriptor.java:259) [junit-jupiter-engine-5.7.0.jar:5.7.0]
	at java.util.Optional.orElseGet(Optional.java:267) ~[na:1.8.0_312]
	at org.junit.jupiter.engine.descriptor.ClassBasedTestDescriptor.lambda$testInstancesProvider$3(ClassBasedTestDescriptor.java:258) [junit-jupiter-engine-5.7.0.jar:5.7.0]
	at org.junit.jupiter.engine.execution.TestInstancesProvider.getTestInstances(TestInstancesProvider.java:31) ~[junit-jupiter-engine-5.7.0.jar:5.7.0]
	at org.junit.jupiter.engine.descriptor.TestMethodTestDescriptor.lambda$prepare$0(TestMethodTestDescriptor.java:101) ~[junit-jupiter-engine-5.7.0.jar:5.7.0]
	at org.junit.platform.engine.support.hierarchical.ThrowableCollector.execute(ThrowableCollector.java:73) ~[junit-platform-engine-1.7.0.jar:1.7.0]
	at org.junit.jupiter.engine.descriptor.TestMethodTestDescriptor.prepare(TestMethodTestDescriptor.java:100) ~[junit-jupiter-engine-5.7.0.jar:5.7.0]
	at org.junit.jupiter.engine.descriptor.TestMethodTestDescriptor.prepare(TestMethodTestDescriptor.java:65) ~[junit-jupiter-engine-5.7.0.jar:5.7.0]
	at org.junit.platform.engine.support.hierarchical.NodeTestTask.lambda$prepare$1(NodeTestTask.java:111) ~[junit-platform-engine-1.7.0.jar:1.7.0]
	at org.junit.platform.engine.support.hierarchical.ThrowableCollector.execute(ThrowableCollector.java:73) ~[junit-platform-engine-1.7.0.jar:1.7.0]
	at org.junit.platform.engine.support.hierarchical.NodeTestTask.prepare(NodeTestTask.java:111) ~[junit-platform-engine-1.7.0.jar:1.7.0]
	at org.junit.platform.engine.support.hierarchical.NodeTestTask.execute(NodeTestTask.java:79) ~[junit-platform-engine-1.7.0.jar:1.7.0]
	at java.util.ArrayList.forEach(ArrayList.java:1259) ~[na:1.8.0_312]
	at org.junit.platform.engine.support.hierarchical.SameThreadHierarchicalTestExecutorService.invokeAll(SameThreadHierarchicalTestExecutorService.java:38) ~[junit-platform-engine-1.7.0.jar:1.7.0]
	at org.junit.platform.engine.support.hierarchical.NodeTestTask.lambda$executeRecursively$5(NodeTestTask.java:143) ~[junit-platform-engine-1.7.0.jar:1.7.0]
	at org.junit.platform.engine.support.hierarchical.ThrowableCollector.execute(ThrowableCollector.java:73) ~[junit-platform-engine-1.7.0.jar:1.7.0]
	at org.junit.platform.engine.support.hierarchical.NodeTestTask.lambda$executeRecursively$7(NodeTestTask.java:129) ~[junit-platform-engine-1.7.0.jar:1.7.0]
	at org.junit.platform.engine.support.hierarchical.Node.around(Node.java:137) ~[junit-platform-engine-1.7.0.jar:1.7.0]
	at org.junit.platform.engine.support.hierarchical.NodeTestTask.lambda$executeRecursively$8(NodeTestTask.java:127) ~[junit-platform-engine-1.7.0.jar:1.7.0]
	at org.junit.platform.engine.support.hierarchical.ThrowableCollector.execute(ThrowableCollector.java:73) ~[junit-platform-engine-1.7.0.jar:1.7.0]
	at org.junit.platform.engine.support.hierarchical.NodeTestTask.executeRecursively(NodeTestTask.java:126) ~[junit-platform-engine-1.7.0.jar:1.7.0]
	at org.junit.platform.engine.support.hierarchical.NodeTestTask.execute(NodeTestTask.java:84) ~[junit-platform-engine-1.7.0.jar:1.7.0]
	at java.util.ArrayList.forEach(ArrayList.java:1259) ~[na:1.8.0_312]
	at org.junit.platform.engine.support.hierarchical.SameThreadHierarchicalTestExecutorService.invokeAll(SameThreadHierarchicalTestExecutorService.java:38) ~[junit-platform-engine-1.7.0.jar:1.7.0]
	at org.junit.platform.engine.support.hierarchical.NodeTestTask.lambda$executeRecursively$5(NodeTestTask.java:143) ~[junit-platform-engine-1.7.0.jar:1.7.0]
	at org.junit.platform.engine.support.hierarchical.ThrowableCollector.execute(ThrowableCollector.java:73) ~[junit-platform-engine-1.7.0.jar:1.7.0]
	at org.junit.platform.engine.support.hierarchical.NodeTestTask.lambda$executeRecursively$7(NodeTestTask.java:129) ~[junit-platform-engine-1.7.0.jar:1.7.0]
	at org.junit.platform.engine.support.hierarchical.Node.around(Node.java:137) ~[junit-platform-engine-1.7.0.jar:1.7.0]
	at org.junit.platform.engine.support.hierarchical.NodeTestTask.lambda$executeRecursively$8(NodeTestTask.java:127) ~[junit-platform-engine-1.7.0.jar:1.7.0]
	at org.junit.platform.engine.support.hierarchical.ThrowableCollector.execute(ThrowableCollector.java:73) ~[junit-platform-engine-1.7.0.jar:1.7.0]
	at org.junit.platform.engine.support.hierarchical.NodeTestTask.executeRecursively(NodeTestTask.java:126) ~[junit-platform-engine-1.7.0.jar:1.7.0]
	at org.junit.platform.engine.support.hierarchical.NodeTestTask.execute(NodeTestTask.java:84) ~[junit-platform-engine-1.7.0.jar:1.7.0]
	at org.junit.platform.engine.support.hierarchical.SameThreadHierarchicalTestExecutorService.submit(SameThreadHierarchicalTestExecutorService.java:32) ~[junit-platform-engine-1.7.0.jar:1.7.0]
	at org.junit.platform.engine.support.hierarchical.HierarchicalTestExecutor.execute(HierarchicalTestExecutor.java:57) ~[junit-platform-engine-1.7.0.jar:1.7.0]
	at org.junit.platform.engine.support.hierarchical.HierarchicalTestEngine.execute(HierarchicalTestEngine.java:51) ~[junit-platform-engine-1.7.0.jar:1.7.0]
	at org.junit.platform.launcher.core.DefaultLauncher.execute(DefaultLauncher.java:220) ~[junit-platform-launcher-1.3.1.jar:1.3.1]
	at org.junit.platform.launcher.core.DefaultLauncher.lambda$execute$6(DefaultLauncher.java:188) ~[junit-platform-launcher-1.3.1.jar:1.3.1]
	at org.junit.platform.launcher.core.DefaultLauncher.withInterceptedStreams(DefaultLauncher.java:202) ~[junit-platform-launcher-1.3.1.jar:1.3.1]
	at org.junit.platform.launcher.core.DefaultLauncher.execute(DefaultLauncher.java:181) ~[junit-platform-launcher-1.3.1.jar:1.3.1]
	at org.junit.platform.launcher.core.DefaultLauncher.execute(DefaultLauncher.java:128) ~[junit-platform-launcher-1.3.1.jar:1.3.1]
	at org.apache.maven.surefire.junitplatform.JUnitPlatformProvider.invokeAllTests(JUnitPlatformProvider.java:150) ~[surefire-junit-platform-2.22.2.jar:2.22.2]
	at org.apache.maven.surefire.junitplatform.JUnitPlatformProvider.invoke(JUnitPlatformProvider.java:124) ~[surefire-junit-platform-2.22.2.jar:2.22.2]
	at org.apache.maven.surefire.booter.ForkedBooter.invokeProviderInSameClassLoader(ForkedBooter.java:384) ~[surefire-booter-2.22.2.jar:2.22.2]
	at org.apache.maven.surefire.booter.ForkedBooter.runSuitesInProcess(ForkedBooter.java:345) ~[surefire-booter-2.22.2.jar:2.22.2]
	at org.apache.maven.surefire.booter.ForkedBooter.execute(ForkedBooter.java:126) ~[surefire-booter-2.22.2.jar:2.22.2]
	at org.apache.maven.surefire.booter.ForkedBooter.main(ForkedBooter.java:418) ~[surefire-booter-2.22.2.jar:2.22.2]
Caused by: java.lang.VerifyError: class icu.mhb.mybatisplus.plugln.core.support.SupportJoinLambdaWrapper overrides final method initNeed.()V
	at java.lang.ClassLoader.defineClass1(Native Method) ~[na:1.8.0_312]
	at java.lang.ClassLoader.defineClass(ClassLoader.java:757) ~[na:1.8.0_312]
	at java.security.SecureClassLoader.defineClass(SecureClassLoader.java:142) ~[na:1.8.0_312]
	at java.net.URLClassLoader.defineClass(URLClassLoader.java:473) ~[na:1.8.0_312]
	at java.net.URLClassLoader.access$100(URLClassLoader.java:74) ~[na:1.8.0_312]
	at java.net.URLClassLoader$1.run(URLClassLoader.java:369) ~[na:1.8.0_312]
	at java.net.URLClassLoader$1.run(URLClassLoader.java:363) ~[na:1.8.0_312]
	at java.security.AccessController.doPrivileged(Native Method) ~[na:1.8.0_312]
	at java.net.URLClassLoader.findClass(URLClassLoader.java:362) ~[na:1.8.0_312]
	at java.lang.ClassLoader.loadClass(ClassLoader.java:419) ~[na:1.8.0_312]
	at sun.misc.Launcher$AppClassLoader.loadClass(Launcher.java:352) ~[na:1.8.0_312]
	at java.lang.ClassLoader.loadClass(ClassLoader.java:352) ~[na:1.8.0_312]
	at java.lang.ClassLoader.defineClass1(Native Method) ~[na:1.8.0_312]
	at java.lang.ClassLoader.defineClass(ClassLoader.java:757) ~[na:1.8.0_312]
	at java.security.SecureClassLoader.defineClass(SecureClassLoader.java:142) ~[na:1.8.0_312]
	at java.net.URLClassLoader.defineClass(URLClassLoader.java:473) ~[na:1.8.0_312]
	at java.net.URLClassLoader.access$100(URLClassLoader.java:74) ~[na:1.8.0_312]
	at java.net.URLClassLoader$1.run(URLClassLoader.java:369) ~[na:1.8.0_312]
	at java.net.URLClassLoader$1.run(URLClassLoader.java:363) ~[na:1.8.0_312]
	at java.security.AccessController.doPrivileged(Native Method) ~[na:1.8.0_312]
	at java.net.URLClassLoader.findClass(URLClassLoader.java:362) ~[na:1.8.0_312]
	at java.lang.ClassLoader.loadClass(ClassLoader.java:419) ~[na:1.8.0_312]
	at sun.misc.Launcher$AppClassLoader.loadClass(Launcher.java:352) ~[na:1.8.0_312]
	at java.lang.ClassLoader.loadClass(ClassLoader.java:352) ~[na:1.8.0_312]
	at java.lang.Class.getDeclaredFields0(Native Method) ~[na:1.8.0_312]
	at java.lang.Class.privateGetDeclaredFields(Class.java:2583) ~[na:1.8.0_312]
	at java.lang.Class.getDeclaredFields(Class.java:1916) ~[na:1.8.0_312]
	at org.springframework.util.ReflectionUtils.getDeclaredFields(ReflectionUtils.java:732) ~[spring-core-5.3.2.jar:5.3.2]
	... 83 common frames omitted

2022-10-13 18:41:29.765 ERROR 17204 --- [           main] o.s.test.context.TestContextManager      : Caught exception while allowing TestExecutionListener [org.springframework.test.context.web.ServletTestExecutionListener@79207381] to prepare test instance [com.yeweiyang.token.Test1114ApplicationTests@38d80d65]

java.lang.IllegalStateException: Failed to load ApplicationContext
	at org.springframework.test.context.cache.DefaultCacheAwareContextLoaderDelegate.loadContext(DefaultCacheAwareContextLoaderDelegate.java:132) ~[spring-test-5.3.2.jar:5.3.2]
	at org.springframework.test.context.support.DefaultTestContext.getApplicationContext(DefaultTestContext.java:123) ~[spring-test-5.3.2.jar:5.3.2]
	at org.springframework.test.context.web.ServletTestExecutionListener.setUpRequestContextIfNecessary(ServletTestExecutionListener.java:190) ~[spring-test-5.3.2.jar:5.3.2]
	at org.springframework.test.context.web.ServletTestExecutionListener.prepareTestInstance(ServletTestExecutionListener.java:132) ~[spring-test-5.3.2.jar:5.3.2]
	at org.springframework.test.context.TestContextManager.prepareTestInstance(TestContextManager.java:244) ~[spring-test-5.3.2.jar:5.3.2]
	at org.springframework.test.context.junit.jupiter.SpringExtension.postProcessTestInstance(SpringExtension.java:137) [spring-test-5.3.2.jar:5.3.2]
	at org.junit.jupiter.engine.descriptor.ClassBasedTestDescriptor.lambda$invokeTestInstancePostProcessors$6(ClassBasedTestDescriptor.java:350) [junit-jupiter-engine-5.7.0.jar:5.7.0]
	at org.junit.jupiter.engine.descriptor.ClassBasedTestDescriptor.executeAndMaskThrowable(ClassBasedTestDescriptor.java:355) [junit-jupiter-engine-5.7.0.jar:5.7.0]
	at org.junit.jupiter.engine.descriptor.ClassBasedTestDescriptor.lambda$invokeTestInstancePostProcessors$7(ClassBasedTestDescriptor.java:350) [junit-jupiter-engine-5.7.0.jar:5.7.0]
	at java.util.stream.ReferencePipeline$3$1.accept(ReferencePipeline.java:193) ~[na:1.8.0_312]
	at java.util.stream.ReferencePipeline$2$1.accept(ReferencePipeline.java:175) ~[na:1.8.0_312]
	at java.util.ArrayList$ArrayListSpliterator.forEachRemaining(ArrayList.java:1384) ~[na:1.8.0_312]
	at java.util.stream.AbstractPipeline.copyInto(AbstractPipeline.java:482) ~[na:1.8.0_312]
	at java.util.stream.AbstractPipeline.wrapAndCopyInto(AbstractPipeline.java:472) ~[na:1.8.0_312]
	at java.util.stream.StreamSpliterators$WrappingSpliterator.forEachRemaining(StreamSpliterators.java:313) ~[na:1.8.0_312]
	at java.util.stream.Streams$ConcatSpliterator.forEachRemaining(Streams.java:743) ~[na:1.8.0_312]
	at java.util.stream.Streams$ConcatSpliterator.forEachRemaining(Streams.java:742) ~[na:1.8.0_312]
	at java.util.stream.ReferencePipeline$Head.forEach(ReferencePipeline.java:647) ~[na:1.8.0_312]
	at org.junit.jupiter.engine.descriptor.ClassBasedTestDescriptor.invokeTestInstancePostProcessors(ClassBasedTestDescriptor.java:349) [junit-jupiter-engine-5.7.0.jar:5.7.0]
	at org.junit.jupiter.engine.descriptor.ClassBasedTestDescriptor.lambda$instantiateAndPostProcessTestInstance$4(ClassBasedTestDescriptor.java:270) [junit-jupiter-engine-5.7.0.jar:5.7.0]
	at org.junit.platform.engine.support.hierarchical.ThrowableCollector.execute(ThrowableCollector.java:73) ~[junit-platform-engine-1.7.0.jar:1.7.0]
	at org.junit.jupiter.engine.descriptor.ClassBasedTestDescriptor.instantiateAndPostProcessTestInstance(ClassBasedTestDescriptor.java:269) [junit-jupiter-engine-5.7.0.jar:5.7.0]
	at org.junit.jupiter.engine.descriptor.ClassBasedTestDescriptor.lambda$testInstancesProvider$2(ClassBasedTestDescriptor.java:259) [junit-jupiter-engine-5.7.0.jar:5.7.0]
	at java.util.Optional.orElseGet(Optional.java:267) ~[na:1.8.0_312]
	at org.junit.jupiter.engine.descriptor.ClassBasedTestDescriptor.lambda$testInstancesProvider$3(ClassBasedTestDescriptor.java:258) [junit-jupiter-engine-5.7.0.jar:5.7.0]
	at org.junit.jupiter.engine.execution.TestInstancesProvider.getTestInstances(TestInstancesProvider.java:31) ~[junit-jupiter-engine-5.7.0.jar:5.7.0]
	at org.junit.jupiter.engine.descriptor.TestMethodTestDescriptor.lambda$prepare$0(TestMethodTestDescriptor.java:101) ~[junit-jupiter-engine-5.7.0.jar:5.7.0]
	at org.junit.platform.engine.support.hierarchical.ThrowableCollector.execute(ThrowableCollector.java:73) ~[junit-platform-engine-1.7.0.jar:1.7.0]
	at org.junit.jupiter.engine.descriptor.TestMethodTestDescriptor.prepare(TestMethodTestDescriptor.java:100) ~[junit-jupiter-engine-5.7.0.jar:5.7.0]
	at org.junit.jupiter.engine.descriptor.TestMethodTestDescriptor.prepare(TestMethodTestDescriptor.java:65) ~[junit-jupiter-engine-5.7.0.jar:5.7.0]
	at org.junit.platform.engine.support.hierarchical.NodeTestTask.lambda$prepare$1(NodeTestTask.java:111) ~[junit-platform-engine-1.7.0.jar:1.7.0]
	at org.junit.platform.engine.support.hierarchical.ThrowableCollector.execute(ThrowableCollector.java:73) ~[junit-platform-engine-1.7.0.jar:1.7.0]
	at org.junit.platform.engine.support.hierarchical.NodeTestTask.prepare(NodeTestTask.java:111) ~[junit-platform-engine-1.7.0.jar:1.7.0]
	at org.junit.platform.engine.support.hierarchical.NodeTestTask.execute(NodeTestTask.java:79) ~[junit-platform-engine-1.7.0.jar:1.7.0]
	at java.util.ArrayList.forEach(ArrayList.java:1259) ~[na:1.8.0_312]
	at org.junit.platform.engine.support.hierarchical.SameThreadHierarchicalTestExecutorService.invokeAll(SameThreadHierarchicalTestExecutorService.java:38) ~[junit-platform-engine-1.7.0.jar:1.7.0]
	at org.junit.platform.engine.support.hierarchical.NodeTestTask.lambda$executeRecursively$5(NodeTestTask.java:143) ~[junit-platform-engine-1.7.0.jar:1.7.0]
	at org.junit.platform.engine.support.hierarchical.ThrowableCollector.execute(ThrowableCollector.java:73) ~[junit-platform-engine-1.7.0.jar:1.7.0]
	at org.junit.platform.engine.support.hierarchical.NodeTestTask.lambda$executeRecursively$7(NodeTestTask.java:129) ~[junit-platform-engine-1.7.0.jar:1.7.0]
	at org.junit.platform.engine.support.hierarchical.Node.around(Node.java:137) ~[junit-platform-engine-1.7.0.jar:1.7.0]
	at org.junit.platform.engine.support.hierarchical.NodeTestTask.lambda$executeRecursively$8(NodeTestTask.java:127) ~[junit-platform-engine-1.7.0.jar:1.7.0]
	at org.junit.platform.engine.support.hierarchical.ThrowableCollector.execute(ThrowableCollector.java:73) ~[junit-platform-engine-1.7.0.jar:1.7.0]
	at org.junit.platform.engine.support.hierarchical.NodeTestTask.executeRecursively(NodeTestTask.java:126) ~[junit-platform-engine-1.7.0.jar:1.7.0]
	at org.junit.platform.engine.support.hierarchical.NodeTestTask.execute(NodeTestTask.java:84) ~[junit-platform-engine-1.7.0.jar:1.7.0]
	at java.util.ArrayList.forEach(ArrayList.java:1259) ~[na:1.8.0_312]
	at org.junit.platform.engine.support.hierarchical.SameThreadHierarchicalTestExecutorService.invokeAll(SameThreadHierarchicalTestExecutorService.java:38) ~[junit-platform-engine-1.7.0.jar:1.7.0]
	at org.junit.platform.engine.support.hierarchical.NodeTestTask.lambda$executeRecursively$5(NodeTestTask.java:143) ~[junit-platform-engine-1.7.0.jar:1.7.0]
	at org.junit.platform.engine.support.hierarchical.ThrowableCollector.execute(ThrowableCollector.java:73) ~[junit-platform-engine-1.7.0.jar:1.7.0]
	at org.junit.platform.engine.support.hierarchical.NodeTestTask.lambda$executeRecursively$7(NodeTestTask.java:129) ~[junit-platform-engine-1.7.0.jar:1.7.0]
	at org.junit.platform.engine.support.hierarchical.Node.around(Node.java:137) ~[junit-platform-engine-1.7.0.jar:1.7.0]
	at org.junit.platform.engine.support.hierarchical.NodeTestTask.lambda$executeRecursively$8(NodeTestTask.java:127) ~[junit-platform-engine-1.7.0.jar:1.7.0]
	at org.junit.platform.engine.support.hierarchical.ThrowableCollector.execute(ThrowableCollector.java:73) ~[junit-platform-engine-1.7.0.jar:1.7.0]
	at org.junit.platform.engine.support.hierarchical.NodeTestTask.executeRecursively(NodeTestTask.java:126) ~[junit-platform-engine-1.7.0.jar:1.7.0]
	at org.junit.platform.engine.support.hierarchical.NodeTestTask.execute(NodeTestTask.java:84) ~[junit-platform-engine-1.7.0.jar:1.7.0]
	at org.junit.platform.engine.support.hierarchical.SameThreadHierarchicalTestExecutorService.submit(SameThreadHierarchicalTestExecutorService.java:32) ~[junit-platform-engine-1.7.0.jar:1.7.0]
	at org.junit.platform.engine.support.hierarchical.HierarchicalTestExecutor.execute(HierarchicalTestExecutor.java:57) ~[junit-platform-engine-1.7.0.jar:1.7.0]
	at org.junit.platform.engine.support.hierarchical.HierarchicalTestEngine.execute(HierarchicalTestEngine.java:51) ~[junit-platform-engine-1.7.0.jar:1.7.0]
	at org.junit.platform.launcher.core.DefaultLauncher.execute(DefaultLauncher.java:220) ~[junit-platform-launcher-1.3.1.jar:1.3.1]
	at org.junit.platform.launcher.core.DefaultLauncher.lambda$execute$6(DefaultLauncher.java:188) ~[junit-platform-launcher-1.3.1.jar:1.3.1]
	at org.junit.platform.launcher.core.DefaultLauncher.withInterceptedStreams(DefaultLauncher.java:202) ~[junit-platform-launcher-1.3.1.jar:1.3.1]
	at org.junit.platform.launcher.core.DefaultLauncher.execute(DefaultLauncher.java:181) ~[junit-platform-launcher-1.3.1.jar:1.3.1]
	at org.junit.platform.launcher.core.DefaultLauncher.execute(DefaultLauncher.java:128) ~[junit-platform-launcher-1.3.1.jar:1.3.1]
	at org.apache.maven.surefire.junitplatform.JUnitPlatformProvider.invokeAllTests(JUnitPlatformProvider.java:150) ~[surefire-junit-platform-2.22.2.jar:2.22.2]
	at org.apache.maven.surefire.junitplatform.JUnitPlatformProvider.invoke(JUnitPlatformProvider.java:124) ~[surefire-junit-platform-2.22.2.jar:2.22.2]
	at org.apache.maven.surefire.booter.ForkedBooter.invokeProviderInSameClassLoader(ForkedBooter.java:384) ~[surefire-booter-2.22.2.jar:2.22.2]
	at org.apache.maven.surefire.booter.ForkedBooter.runSuitesInProcess(ForkedBooter.java:345) ~[surefire-booter-2.22.2.jar:2.22.2]
	at org.apache.maven.surefire.booter.ForkedBooter.execute(ForkedBooter.java:126) ~[surefire-booter-2.22.2.jar:2.22.2]
	at org.apache.maven.surefire.booter.ForkedBooter.main(ForkedBooter.java:418) ~[surefire-booter-2.22.2.jar:2.22.2]
Caused by: java.lang.IllegalStateException: Failed to introspect Class [com.yeweiyang.token.serivice.serviceImpl.JayServiceImpl] from ClassLoader [sun.misc.Launcher$AppClassLoader@3d4eac69]
	at org.springframework.util.ReflectionUtils.getDeclaredFields(ReflectionUtils.java:737) ~[spring-core-5.3.2.jar:5.3.2]
	at org.springframework.util.ReflectionUtils.doWithFields(ReflectionUtils.java:702) ~[spring-core-5.3.2.jar:5.3.2]
	at org.springframework.util.ReflectionUtils.doWithFields(ReflectionUtils.java:687) ~[spring-core-5.3.2.jar:5.3.2]
	at org.springframework.boot.test.mock.mockito.DefinitionsParser.parse(DefinitionsParser.java:65) ~[spring-boot-test-2.4.1.jar:2.4.1]
	at org.springframework.boot.test.mock.mockito.MockitoPostProcessor.postProcessBeanFactory(MockitoPostProcessor.java:135) ~[spring-boot-test-2.4.1.jar:2.4.1]
	at org.springframework.boot.test.mock.mockito.MockitoPostProcessor.postProcessBeanFactory(MockitoPostProcessor.java:128) ~[spring-boot-test-2.4.1.jar:2.4.1]
	at org.springframework.context.support.PostProcessorRegistrationDelegate.invokeBeanFactoryPostProcessors(PostProcessorRegistrationDelegate.java:299) ~[spring-context-5.3.2.jar:5.3.2]
	at org.springframework.context.support.PostProcessorRegistrationDelegate.invokeBeanFactoryPostProcessors(PostProcessorRegistrationDelegate.java:178) ~[spring-context-5.3.2.jar:5.3.2]
	at org.springframework.context.support.AbstractApplicationContext.invokeBeanFactoryPostProcessors(AbstractApplicationContext.java:751) ~[spring-context-5.3.2.jar:5.3.2]
	at org.springframework.context.support.AbstractApplicationContext.refresh(AbstractApplicationContext.java:569) ~[spring-context-5.3.2.jar:5.3.2]
	at org.springframework.boot.SpringApplication.refresh(SpringApplication.java:767) ~[spring-boot-2.4.1.jar:2.4.1]
	at org.springframework.boot.SpringApplication.refresh(SpringApplication.java:759) ~[spring-boot-2.4.1.jar:2.4.1]
	at org.springframework.boot.SpringApplication.refreshContext(SpringApplication.java:426) ~[spring-boot-2.4.1.jar:2.4.1]
	at org.springframework.boot.SpringApplication.run(SpringApplication.java:326) ~[spring-boot-2.4.1.jar:2.4.1]
	at org.springframework.boot.test.context.SpringBootContextLoader.loadContext(SpringBootContextLoader.java:122) ~[spring-boot-test-2.4.1.jar:2.4.1]
	at org.springframework.test.context.cache.DefaultCacheAwareContextLoaderDelegate.loadContextInternal(DefaultCacheAwareContextLoaderDelegate.java:99) ~[spring-test-5.3.2.jar:5.3.2]
	at org.springframework.test.context.cache.DefaultCacheAwareContextLoaderDelegate.loadContext(DefaultCacheAwareContextLoaderDelegate.java:124) ~[spring-test-5.3.2.jar:5.3.2]
	... 67 common frames omitted
Caused by: java.lang.VerifyError: class icu.mhb.mybatisplus.plugln.core.support.SupportJoinLambdaWrapper overrides final method initNeed.()V
	at java.lang.ClassLoader.defineClass1(Native Method) ~[na:1.8.0_312]
	at java.lang.ClassLoader.defineClass(ClassLoader.java:757) ~[na:1.8.0_312]
	at java.security.SecureClassLoader.defineClass(SecureClassLoader.java:142) ~[na:1.8.0_312]
	at java.net.URLClassLoader.defineClass(URLClassLoader.java:473) ~[na:1.8.0_312]
	at java.net.URLClassLoader.access$100(URLClassLoader.java:74) ~[na:1.8.0_312]
	at java.net.URLClassLoader$1.run(URLClassLoader.java:369) ~[na:1.8.0_312]
	at java.net.URLClassLoader$1.run(URLClassLoader.java:363) ~[na:1.8.0_312]
	at java.security.AccessController.doPrivileged(Native Method) ~[na:1.8.0_312]
	at java.net.URLClassLoader.findClass(URLClassLoader.java:362) ~[na:1.8.0_312]
	at java.lang.ClassLoader.loadClass(ClassLoader.java:419) ~[na:1.8.0_312]
	at sun.misc.Launcher$AppClassLoader.loadClass(Launcher.java:352) ~[na:1.8.0_312]
	at java.lang.ClassLoader.loadClass(ClassLoader.java:352) ~[na:1.8.0_312]
	at java.lang.ClassLoader.defineClass1(Native Method) ~[na:1.8.0_312]
	at java.lang.ClassLoader.defineClass(ClassLoader.java:757) ~[na:1.8.0_312]
	at java.security.SecureClassLoader.defineClass(SecureClassLoader.java:142) ~[na:1.8.0_312]
	at java.net.URLClassLoader.defineClass(URLClassLoader.java:473) ~[na:1.8.0_312]
	at java.net.URLClassLoader.access$100(URLClassLoader.java:74) ~[na:1.8.0_312]
	at java.net.URLClassLoader$1.run(URLClassLoader.java:369) ~[na:1.8.0_312]
	at java.net.URLClassLoader$1.run(URLClassLoader.java:363) ~[na:1.8.0_312]
	at java.security.AccessController.doPrivileged(Native Method) ~[na:1.8.0_312]
	at java.net.URLClassLoader.findClass(URLClassLoader.java:362) ~[na:1.8.0_312]
	at java.lang.ClassLoader.loadClass(ClassLoader.java:419) ~[na:1.8.0_312]
	at sun.misc.Launcher$AppClassLoader.loadClass(Launcher.java:352) ~[na:1.8.0_312]
	at java.lang.ClassLoader.loadClass(ClassLoader.java:352) ~[na:1.8.0_312]
	at java.lang.Class.getDeclaredFields0(Native Method) ~[na:1.8.0_312]
	at java.lang.Class.privateGetDeclaredFields(Class.java:2583) ~[na:1.8.0_312]
	at java.lang.Class.getDeclaredFields(Class.java:1916) ~[na:1.8.0_312]
	at org.springframework.util.ReflectionUtils.getDeclaredFields(ReflectionUtils.java:732) ~[spring-core-5.3.2.jar:5.3.2]
	... 83 common frames omitted

]]></system-out>
  </testcase>
  <testcase name="contextLoads" classname="com.yeweiyang.token.Test1114ApplicationTests" time="0">
    <error message="Failed to load ApplicationContext" type="java.lang.IllegalStateException">java.lang.IllegalStateException: Failed to load ApplicationContext
Caused by: java.lang.IllegalStateException: Failed to introspect Class [com.yeweiyang.token.serivice.serviceImpl.JayServiceImpl] from ClassLoader [sun.misc.Launcher$AppClassLoader@3d4eac69]
Caused by: java.lang.VerifyError: class icu.mhb.mybatisplus.plugln.core.support.SupportJoinLambdaWrapper overrides final method initNeed.()V
</error>
    <system-out><![CDATA[
  .   ____          _            __ _ _
 /\\ / ___'_ __ _ _(_)_ __  __ _ \ \ \ \
( ( )\___ | '_ | '_| | '_ \/ _` | \ \ \ \
 \\/  ___)| |_)| | | | | || (_| |  ) ) ) )
  '  |____| .__|_| |_|_| |_\__, | / / / /
 =========|_|==============|___/=/_/_/_/
 :: Spring Boot ::                (v2.4.1)

2022-10-13 18:41:29.781  INFO 17204 --- [           main] c.y.token.Test1114ApplicationTests       : Starting Test1114ApplicationTests using Java 1.8.0_312 on musideMacBook-Pro.local with PID 17204 (started by jay in /Users/jay/Desktop/Java/GitHubProject/saTokenTest/saTokenDemo)
2022-10-13 18:41:29.781  INFO 17204 --- [           main] c.y.token.Test1114ApplicationTests       : The following profiles are active: dev
2022-10-13 18:41:29.878  WARN 17204 --- [           main] o.m.s.mapper.ClassPathMapperScanner      : No MyBatis mapper was found in '[com.shanghai.test1114.mapper]' package. Please check your configuration.
2022-10-13 18:41:29.904  INFO 17204 --- [           main] .s.d.r.c.RepositoryConfigurationDelegate : Multiple Spring Data modules found, entering strict repository configuration mode!
2022-10-13 18:41:29.904  INFO 17204 --- [           main] .s.d.r.c.RepositoryConfigurationDelegate : Bootstrapping Spring Data Redis repositories in DEFAULT mode.
2022-10-13 18:41:29.908  INFO 17204 --- [           main] .s.d.r.c.RepositoryConfigurationDelegate : Finished Spring Data repository scanning in 3 ms. Found 0 Redis repository interfaces.
2022-10-13 18:41:29.926 ERROR 17204 --- [           main] o.s.boot.SpringApplication               : Application run failed

java.lang.IllegalStateException: Failed to introspect Class [com.yeweiyang.token.serivice.serviceImpl.JayServiceImpl] from ClassLoader [sun.misc.Launcher$AppClassLoader@3d4eac69]
	at org.springframework.util.ReflectionUtils.getDeclaredFields(ReflectionUtils.java:737) ~[spring-core-5.3.2.jar:5.3.2]
	at org.springframework.util.ReflectionUtils.doWithFields(ReflectionUtils.java:702) ~[spring-core-5.3.2.jar:5.3.2]
	at org.springframework.util.ReflectionUtils.doWithFields(ReflectionUtils.java:687) ~[spring-core-5.3.2.jar:5.3.2]
	at org.springframework.boot.test.mock.mockito.DefinitionsParser.parse(DefinitionsParser.java:65) ~[spring-boot-test-2.4.1.jar:2.4.1]
	at org.springframework.boot.test.mock.mockito.MockitoPostProcessor.postProcessBeanFactory(MockitoPostProcessor.java:135) ~[spring-boot-test-2.4.1.jar:2.4.1]
	at org.springframework.boot.test.mock.mockito.MockitoPostProcessor.postProcessBeanFactory(MockitoPostProcessor.java:128) ~[spring-boot-test-2.4.1.jar:2.4.1]
	at org.springframework.context.support.PostProcessorRegistrationDelegate.invokeBeanFactoryPostProcessors(PostProcessorRegistrationDelegate.java:299) ~[spring-context-5.3.2.jar:5.3.2]
	at org.springframework.context.support.PostProcessorRegistrationDelegate.invokeBeanFactoryPostProcessors(PostProcessorRegistrationDelegate.java:178) ~[spring-context-5.3.2.jar:5.3.2]
	at org.springframework.context.support.AbstractApplicationContext.invokeBeanFactoryPostProcessors(AbstractApplicationContext.java:751) ~[spring-context-5.3.2.jar:5.3.2]
	at org.springframework.context.support.AbstractApplicationContext.refresh(AbstractApplicationContext.java:569) ~[spring-context-5.3.2.jar:5.3.2]
	at org.springframework.boot.SpringApplication.refresh(SpringApplication.java:767) ~[spring-boot-2.4.1.jar:2.4.1]
	at org.springframework.boot.SpringApplication.refresh(SpringApplication.java:759) ~[spring-boot-2.4.1.jar:2.4.1]
	at org.springframework.boot.SpringApplication.refreshContext(SpringApplication.java:426) ~[spring-boot-2.4.1.jar:2.4.1]
	at org.springframework.boot.SpringApplication.run(SpringApplication.java:326) ~[spring-boot-2.4.1.jar:2.4.1]
	at org.springframework.boot.test.context.SpringBootContextLoader.loadContext(SpringBootContextLoader.java:122) [spring-boot-test-2.4.1.jar:2.4.1]
	at org.springframework.test.context.cache.DefaultCacheAwareContextLoaderDelegate.loadContextInternal(DefaultCacheAwareContextLoaderDelegate.java:99) [spring-test-5.3.2.jar:5.3.2]
	at org.springframework.test.context.cache.DefaultCacheAwareContextLoaderDelegate.loadContext(DefaultCacheAwareContextLoaderDelegate.java:124) [spring-test-5.3.2.jar:5.3.2]
	at org.springframework.test.context.support.DefaultTestContext.getApplicationContext(DefaultTestContext.java:123) [spring-test-5.3.2.jar:5.3.2]
	at org.springframework.test.context.web.ServletTestExecutionListener.setUpRequestContextIfNecessary(ServletTestExecutionListener.java:190) [spring-test-5.3.2.jar:5.3.2]
	at org.springframework.test.context.web.ServletTestExecutionListener.prepareTestInstance(ServletTestExecutionListener.java:132) [spring-test-5.3.2.jar:5.3.2]
	at org.springframework.test.context.TestContextManager.prepareTestInstance(TestContextManager.java:244) [spring-test-5.3.2.jar:5.3.2]
	at org.springframework.test.context.junit.jupiter.SpringExtension.postProcessTestInstance(SpringExtension.java:137) [spring-test-5.3.2.jar:5.3.2]
	at org.junit.jupiter.engine.descriptor.ClassBasedTestDescriptor.lambda$invokeTestInstancePostProcessors$6(ClassBasedTestDescriptor.java:350) [junit-jupiter-engine-5.7.0.jar:5.7.0]
	at org.junit.jupiter.engine.descriptor.ClassBasedTestDescriptor.executeAndMaskThrowable(ClassBasedTestDescriptor.java:355) [junit-jupiter-engine-5.7.0.jar:5.7.0]
	at org.junit.jupiter.engine.descriptor.ClassBasedTestDescriptor.lambda$invokeTestInstancePostProcessors$7(ClassBasedTestDescriptor.java:350) [junit-jupiter-engine-5.7.0.jar:5.7.0]
	at java.util.stream.ReferencePipeline$3$1.accept(ReferencePipeline.java:193) ~[na:1.8.0_312]
	at java.util.stream.ReferencePipeline$2$1.accept(ReferencePipeline.java:175) ~[na:1.8.0_312]
	at java.util.ArrayList$ArrayListSpliterator.forEachRemaining(ArrayList.java:1384) ~[na:1.8.0_312]
	at java.util.stream.AbstractPipeline.copyInto(AbstractPipeline.java:482) ~[na:1.8.0_312]
	at java.util.stream.AbstractPipeline.wrapAndCopyInto(AbstractPipeline.java:472) ~[na:1.8.0_312]
	at java.util.stream.StreamSpliterators$WrappingSpliterator.forEachRemaining(StreamSpliterators.java:313) ~[na:1.8.0_312]
	at java.util.stream.Streams$ConcatSpliterator.forEachRemaining(Streams.java:743) ~[na:1.8.0_312]
	at java.util.stream.Streams$ConcatSpliterator.forEachRemaining(Streams.java:742) ~[na:1.8.0_312]
	at java.util.stream.ReferencePipeline$Head.forEach(ReferencePipeline.java:647) ~[na:1.8.0_312]
	at org.junit.jupiter.engine.descriptor.ClassBasedTestDescriptor.invokeTestInstancePostProcessors(ClassBasedTestDescriptor.java:349) [junit-jupiter-engine-5.7.0.jar:5.7.0]
	at org.junit.jupiter.engine.descriptor.ClassBasedTestDescriptor.lambda$instantiateAndPostProcessTestInstance$4(ClassBasedTestDescriptor.java:270) [junit-jupiter-engine-5.7.0.jar:5.7.0]
	at org.junit.platform.engine.support.hierarchical.ThrowableCollector.execute(ThrowableCollector.java:73) ~[junit-platform-engine-1.7.0.jar:1.7.0]
	at org.junit.jupiter.engine.descriptor.ClassBasedTestDescriptor.instantiateAndPostProcessTestInstance(ClassBasedTestDescriptor.java:269) [junit-jupiter-engine-5.7.0.jar:5.7.0]
	at org.junit.jupiter.engine.descriptor.ClassBasedTestDescriptor.lambda$testInstancesProvider$2(ClassBasedTestDescriptor.java:259) [junit-jupiter-engine-5.7.0.jar:5.7.0]
	at java.util.Optional.orElseGet(Optional.java:267) ~[na:1.8.0_312]
	at org.junit.jupiter.engine.descriptor.ClassBasedTestDescriptor.lambda$testInstancesProvider$3(ClassBasedTestDescriptor.java:258) [junit-jupiter-engine-5.7.0.jar:5.7.0]
	at org.junit.jupiter.engine.execution.TestInstancesProvider.getTestInstances(TestInstancesProvider.java:31) ~[junit-jupiter-engine-5.7.0.jar:5.7.0]
	at org.junit.jupiter.engine.descriptor.TestMethodTestDescriptor.lambda$prepare$0(TestMethodTestDescriptor.java:101) ~[junit-jupiter-engine-5.7.0.jar:5.7.0]
	at org.junit.platform.engine.support.hierarchical.ThrowableCollector.execute(ThrowableCollector.java:73) ~[junit-platform-engine-1.7.0.jar:1.7.0]
	at org.junit.jupiter.engine.descriptor.TestMethodTestDescriptor.prepare(TestMethodTestDescriptor.java:100) ~[junit-jupiter-engine-5.7.0.jar:5.7.0]
	at org.junit.jupiter.engine.descriptor.TestMethodTestDescriptor.prepare(TestMethodTestDescriptor.java:65) ~[junit-jupiter-engine-5.7.0.jar:5.7.0]
	at org.junit.platform.engine.support.hierarchical.NodeTestTask.lambda$prepare$1(NodeTestTask.java:111) ~[junit-platform-engine-1.7.0.jar:1.7.0]
	at org.junit.platform.engine.support.hierarchical.ThrowableCollector.execute(ThrowableCollector.java:73) ~[junit-platform-engine-1.7.0.jar:1.7.0]
	at org.junit.platform.engine.support.hierarchical.NodeTestTask.prepare(NodeTestTask.java:111) ~[junit-platform-engine-1.7.0.jar:1.7.0]
	at org.junit.platform.engine.support.hierarchical.NodeTestTask.execute(NodeTestTask.java:79) ~[junit-platform-engine-1.7.0.jar:1.7.0]
	at java.util.ArrayList.forEach(ArrayList.java:1259) ~[na:1.8.0_312]
	at org.junit.platform.engine.support.hierarchical.SameThreadHierarchicalTestExecutorService.invokeAll(SameThreadHierarchicalTestExecutorService.java:38) ~[junit-platform-engine-1.7.0.jar:1.7.0]
	at org.junit.platform.engine.support.hierarchical.NodeTestTask.lambda$executeRecursively$5(NodeTestTask.java:143) ~[junit-platform-engine-1.7.0.jar:1.7.0]
	at org.junit.platform.engine.support.hierarchical.ThrowableCollector.execute(ThrowableCollector.java:73) ~[junit-platform-engine-1.7.0.jar:1.7.0]
	at org.junit.platform.engine.support.hierarchical.NodeTestTask.lambda$executeRecursively$7(NodeTestTask.java:129) ~[junit-platform-engine-1.7.0.jar:1.7.0]
	at org.junit.platform.engine.support.hierarchical.Node.around(Node.java:137) ~[junit-platform-engine-1.7.0.jar:1.7.0]
	at org.junit.platform.engine.support.hierarchical.NodeTestTask.lambda$executeRecursively$8(NodeTestTask.java:127) ~[junit-platform-engine-1.7.0.jar:1.7.0]
	at org.junit.platform.engine.support.hierarchical.ThrowableCollector.execute(ThrowableCollector.java:73) ~[junit-platform-engine-1.7.0.jar:1.7.0]
	at org.junit.platform.engine.support.hierarchical.NodeTestTask.executeRecursively(NodeTestTask.java:126) ~[junit-platform-engine-1.7.0.jar:1.7.0]
	at org.junit.platform.engine.support.hierarchical.NodeTestTask.execute(NodeTestTask.java:84) ~[junit-platform-engine-1.7.0.jar:1.7.0]
	at java.util.ArrayList.forEach(ArrayList.java:1259) ~[na:1.8.0_312]
	at org.junit.platform.engine.support.hierarchical.SameThreadHierarchicalTestExecutorService.invokeAll(SameThreadHierarchicalTestExecutorService.java:38) ~[junit-platform-engine-1.7.0.jar:1.7.0]
	at org.junit.platform.engine.support.hierarchical.NodeTestTask.lambda$executeRecursively$5(NodeTestTask.java:143) ~[junit-platform-engine-1.7.0.jar:1.7.0]
	at org.junit.platform.engine.support.hierarchical.ThrowableCollector.execute(ThrowableCollector.java:73) ~[junit-platform-engine-1.7.0.jar:1.7.0]
	at org.junit.platform.engine.support.hierarchical.NodeTestTask.lambda$executeRecursively$7(NodeTestTask.java:129) ~[junit-platform-engine-1.7.0.jar:1.7.0]
	at org.junit.platform.engine.support.hierarchical.Node.around(Node.java:137) ~[junit-platform-engine-1.7.0.jar:1.7.0]
	at org.junit.platform.engine.support.hierarchical.NodeTestTask.lambda$executeRecursively$8(NodeTestTask.java:127) ~[junit-platform-engine-1.7.0.jar:1.7.0]
	at org.junit.platform.engine.support.hierarchical.ThrowableCollector.execute(ThrowableCollector.java:73) ~[junit-platform-engine-1.7.0.jar:1.7.0]
	at org.junit.platform.engine.support.hierarchical.NodeTestTask.executeRecursively(NodeTestTask.java:126) ~[junit-platform-engine-1.7.0.jar:1.7.0]
	at org.junit.platform.engine.support.hierarchical.NodeTestTask.execute(NodeTestTask.java:84) ~[junit-platform-engine-1.7.0.jar:1.7.0]
	at org.junit.platform.engine.support.hierarchical.SameThreadHierarchicalTestExecutorService.submit(SameThreadHierarchicalTestExecutorService.java:32) ~[junit-platform-engine-1.7.0.jar:1.7.0]
	at org.junit.platform.engine.support.hierarchical.HierarchicalTestExecutor.execute(HierarchicalTestExecutor.java:57) ~[junit-platform-engine-1.7.0.jar:1.7.0]
	at org.junit.platform.engine.support.hierarchical.HierarchicalTestEngine.execute(HierarchicalTestEngine.java:51) ~[junit-platform-engine-1.7.0.jar:1.7.0]
	at org.junit.platform.launcher.core.DefaultLauncher.execute(DefaultLauncher.java:220) ~[junit-platform-launcher-1.3.1.jar:1.3.1]
	at org.junit.platform.launcher.core.DefaultLauncher.lambda$execute$6(DefaultLauncher.java:188) ~[junit-platform-launcher-1.3.1.jar:1.3.1]
	at org.junit.platform.launcher.core.DefaultLauncher.withInterceptedStreams(DefaultLauncher.java:202) ~[junit-platform-launcher-1.3.1.jar:1.3.1]
	at org.junit.platform.launcher.core.DefaultLauncher.execute(DefaultLauncher.java:181) ~[junit-platform-launcher-1.3.1.jar:1.3.1]
	at org.junit.platform.launcher.core.DefaultLauncher.execute(DefaultLauncher.java:128) ~[junit-platform-launcher-1.3.1.jar:1.3.1]
	at org.apache.maven.surefire.junitplatform.JUnitPlatformProvider.invokeAllTests(JUnitPlatformProvider.java:150) ~[surefire-junit-platform-2.22.2.jar:2.22.2]
	at org.apache.maven.surefire.junitplatform.JUnitPlatformProvider.invoke(JUnitPlatformProvider.java:124) ~[surefire-junit-platform-2.22.2.jar:2.22.2]
	at org.apache.maven.surefire.booter.ForkedBooter.invokeProviderInSameClassLoader(ForkedBooter.java:384) ~[surefire-booter-2.22.2.jar:2.22.2]
	at org.apache.maven.surefire.booter.ForkedBooter.runSuitesInProcess(ForkedBooter.java:345) ~[surefire-booter-2.22.2.jar:2.22.2]
	at org.apache.maven.surefire.booter.ForkedBooter.execute(ForkedBooter.java:126) ~[surefire-booter-2.22.2.jar:2.22.2]
	at org.apache.maven.surefire.booter.ForkedBooter.main(ForkedBooter.java:418) ~[surefire-booter-2.22.2.jar:2.22.2]
Caused by: java.lang.VerifyError: class icu.mhb.mybatisplus.plugln.core.support.SupportJoinLambdaWrapper overrides final method initNeed.()V
	at java.lang.ClassLoader.defineClass1(Native Method) ~[na:1.8.0_312]
	at java.lang.ClassLoader.defineClass(ClassLoader.java:757) ~[na:1.8.0_312]
	at java.security.SecureClassLoader.defineClass(SecureClassLoader.java:142) ~[na:1.8.0_312]
	at java.net.URLClassLoader.defineClass(URLClassLoader.java:473) ~[na:1.8.0_312]
	at java.net.URLClassLoader.access$100(URLClassLoader.java:74) ~[na:1.8.0_312]
	at java.net.URLClassLoader$1.run(URLClassLoader.java:369) ~[na:1.8.0_312]
	at java.net.URLClassLoader$1.run(URLClassLoader.java:363) ~[na:1.8.0_312]
	at java.security.AccessController.doPrivileged(Native Method) ~[na:1.8.0_312]
	at java.net.URLClassLoader.findClass(URLClassLoader.java:362) ~[na:1.8.0_312]
	at java.lang.ClassLoader.loadClass(ClassLoader.java:419) ~[na:1.8.0_312]
	at sun.misc.Launcher$AppClassLoader.loadClass(Launcher.java:352) ~[na:1.8.0_312]
	at java.lang.ClassLoader.loadClass(ClassLoader.java:352) ~[na:1.8.0_312]
	at java.lang.ClassLoader.defineClass1(Native Method) ~[na:1.8.0_312]
	at java.lang.ClassLoader.defineClass(ClassLoader.java:757) ~[na:1.8.0_312]
	at java.security.SecureClassLoader.defineClass(SecureClassLoader.java:142) ~[na:1.8.0_312]
	at java.net.URLClassLoader.defineClass(URLClassLoader.java:473) ~[na:1.8.0_312]
	at java.net.URLClassLoader.access$100(URLClassLoader.java:74) ~[na:1.8.0_312]
	at java.net.URLClassLoader$1.run(URLClassLoader.java:369) ~[na:1.8.0_312]
	at java.net.URLClassLoader$1.run(URLClassLoader.java:363) ~[na:1.8.0_312]
	at java.security.AccessController.doPrivileged(Native Method) ~[na:1.8.0_312]
	at java.net.URLClassLoader.findClass(URLClassLoader.java:362) ~[na:1.8.0_312]
	at java.lang.ClassLoader.loadClass(ClassLoader.java:419) ~[na:1.8.0_312]
	at sun.misc.Launcher$AppClassLoader.loadClass(Launcher.java:352) ~[na:1.8.0_312]
	at java.lang.ClassLoader.loadClass(ClassLoader.java:352) ~[na:1.8.0_312]
	at java.lang.Class.getDeclaredFields0(Native Method) ~[na:1.8.0_312]
	at java.lang.Class.privateGetDeclaredFields(Class.java:2583) ~[na:1.8.0_312]
	at java.lang.Class.getDeclaredFields(Class.java:1916) ~[na:1.8.0_312]
	at org.springframework.util.ReflectionUtils.getDeclaredFields(ReflectionUtils.java:732) ~[spring-core-5.3.2.jar:5.3.2]
	... 83 common frames omitted

2022-10-13 18:41:29.927 ERROR 17204 --- [           main] o.s.test.context.TestContextManager      : Caught exception while allowing TestExecutionListener [org.springframework.test.context.web.ServletTestExecutionListener@79207381] to prepare test instance [com.yeweiyang.token.Test1114ApplicationTests@13192275]

java.lang.IllegalStateException: Failed to load ApplicationContext
	at org.springframework.test.context.cache.DefaultCacheAwareContextLoaderDelegate.loadContext(DefaultCacheAwareContextLoaderDelegate.java:132) ~[spring-test-5.3.2.jar:5.3.2]
	at org.springframework.test.context.support.DefaultTestContext.getApplicationContext(DefaultTestContext.java:123) ~[spring-test-5.3.2.jar:5.3.2]
	at org.springframework.test.context.web.ServletTestExecutionListener.setUpRequestContextIfNecessary(ServletTestExecutionListener.java:190) ~[spring-test-5.3.2.jar:5.3.2]
	at org.springframework.test.context.web.ServletTestExecutionListener.prepareTestInstance(ServletTestExecutionListener.java:132) ~[spring-test-5.3.2.jar:5.3.2]
	at org.springframework.test.context.TestContextManager.prepareTestInstance(TestContextManager.java:244) ~[spring-test-5.3.2.jar:5.3.2]
	at org.springframework.test.context.junit.jupiter.SpringExtension.postProcessTestInstance(SpringExtension.java:137) [spring-test-5.3.2.jar:5.3.2]
	at org.junit.jupiter.engine.descriptor.ClassBasedTestDescriptor.lambda$invokeTestInstancePostProcessors$6(ClassBasedTestDescriptor.java:350) [junit-jupiter-engine-5.7.0.jar:5.7.0]
	at org.junit.jupiter.engine.descriptor.ClassBasedTestDescriptor.executeAndMaskThrowable(ClassBasedTestDescriptor.java:355) [junit-jupiter-engine-5.7.0.jar:5.7.0]
	at org.junit.jupiter.engine.descriptor.ClassBasedTestDescriptor.lambda$invokeTestInstancePostProcessors$7(ClassBasedTestDescriptor.java:350) [junit-jupiter-engine-5.7.0.jar:5.7.0]
	at java.util.stream.ReferencePipeline$3$1.accept(ReferencePipeline.java:193) ~[na:1.8.0_312]
	at java.util.stream.ReferencePipeline$2$1.accept(ReferencePipeline.java:175) ~[na:1.8.0_312]
	at java.util.ArrayList$ArrayListSpliterator.forEachRemaining(ArrayList.java:1384) ~[na:1.8.0_312]
	at java.util.stream.AbstractPipeline.copyInto(AbstractPipeline.java:482) ~[na:1.8.0_312]
	at java.util.stream.AbstractPipeline.wrapAndCopyInto(AbstractPipeline.java:472) ~[na:1.8.0_312]
	at java.util.stream.StreamSpliterators$WrappingSpliterator.forEachRemaining(StreamSpliterators.java:313) ~[na:1.8.0_312]
	at java.util.stream.Streams$ConcatSpliterator.forEachRemaining(Streams.java:743) ~[na:1.8.0_312]
	at java.util.stream.Streams$ConcatSpliterator.forEachRemaining(Streams.java:742) ~[na:1.8.0_312]
	at java.util.stream.ReferencePipeline$Head.forEach(ReferencePipeline.java:647) ~[na:1.8.0_312]
	at org.junit.jupiter.engine.descriptor.ClassBasedTestDescriptor.invokeTestInstancePostProcessors(ClassBasedTestDescriptor.java:349) [junit-jupiter-engine-5.7.0.jar:5.7.0]
	at org.junit.jupiter.engine.descriptor.ClassBasedTestDescriptor.lambda$instantiateAndPostProcessTestInstance$4(ClassBasedTestDescriptor.java:270) [junit-jupiter-engine-5.7.0.jar:5.7.0]
	at org.junit.platform.engine.support.hierarchical.ThrowableCollector.execute(ThrowableCollector.java:73) ~[junit-platform-engine-1.7.0.jar:1.7.0]
	at org.junit.jupiter.engine.descriptor.ClassBasedTestDescriptor.instantiateAndPostProcessTestInstance(ClassBasedTestDescriptor.java:269) [junit-jupiter-engine-5.7.0.jar:5.7.0]
	at org.junit.jupiter.engine.descriptor.ClassBasedTestDescriptor.lambda$testInstancesProvider$2(ClassBasedTestDescriptor.java:259) [junit-jupiter-engine-5.7.0.jar:5.7.0]
	at java.util.Optional.orElseGet(Optional.java:267) ~[na:1.8.0_312]
	at org.junit.jupiter.engine.descriptor.ClassBasedTestDescriptor.lambda$testInstancesProvider$3(ClassBasedTestDescriptor.java:258) [junit-jupiter-engine-5.7.0.jar:5.7.0]
	at org.junit.jupiter.engine.execution.TestInstancesProvider.getTestInstances(TestInstancesProvider.java:31) ~[junit-jupiter-engine-5.7.0.jar:5.7.0]
	at org.junit.jupiter.engine.descriptor.TestMethodTestDescriptor.lambda$prepare$0(TestMethodTestDescriptor.java:101) ~[junit-jupiter-engine-5.7.0.jar:5.7.0]
	at org.junit.platform.engine.support.hierarchical.ThrowableCollector.execute(ThrowableCollector.java:73) ~[junit-platform-engine-1.7.0.jar:1.7.0]
	at org.junit.jupiter.engine.descriptor.TestMethodTestDescriptor.prepare(TestMethodTestDescriptor.java:100) ~[junit-jupiter-engine-5.7.0.jar:5.7.0]
	at org.junit.jupiter.engine.descriptor.TestMethodTestDescriptor.prepare(TestMethodTestDescriptor.java:65) ~[junit-jupiter-engine-5.7.0.jar:5.7.0]
	at org.junit.platform.engine.support.hierarchical.NodeTestTask.lambda$prepare$1(NodeTestTask.java:111) ~[junit-platform-engine-1.7.0.jar:1.7.0]
	at org.junit.platform.engine.support.hierarchical.ThrowableCollector.execute(ThrowableCollector.java:73) ~[junit-platform-engine-1.7.0.jar:1.7.0]
	at org.junit.platform.engine.support.hierarchical.NodeTestTask.prepare(NodeTestTask.java:111) ~[junit-platform-engine-1.7.0.jar:1.7.0]
	at org.junit.platform.engine.support.hierarchical.NodeTestTask.execute(NodeTestTask.java:79) ~[junit-platform-engine-1.7.0.jar:1.7.0]
	at java.util.ArrayList.forEach(ArrayList.java:1259) ~[na:1.8.0_312]
	at org.junit.platform.engine.support.hierarchical.SameThreadHierarchicalTestExecutorService.invokeAll(SameThreadHierarchicalTestExecutorService.java:38) ~[junit-platform-engine-1.7.0.jar:1.7.0]
	at org.junit.platform.engine.support.hierarchical.NodeTestTask.lambda$executeRecursively$5(NodeTestTask.java:143) ~[junit-platform-engine-1.7.0.jar:1.7.0]
	at org.junit.platform.engine.support.hierarchical.ThrowableCollector.execute(ThrowableCollector.java:73) ~[junit-platform-engine-1.7.0.jar:1.7.0]
	at org.junit.platform.engine.support.hierarchical.NodeTestTask.lambda$executeRecursively$7(NodeTestTask.java:129) ~[junit-platform-engine-1.7.0.jar:1.7.0]
	at org.junit.platform.engine.support.hierarchical.Node.around(Node.java:137) ~[junit-platform-engine-1.7.0.jar:1.7.0]
	at org.junit.platform.engine.support.hierarchical.NodeTestTask.lambda$executeRecursively$8(NodeTestTask.java:127) ~[junit-platform-engine-1.7.0.jar:1.7.0]
	at org.junit.platform.engine.support.hierarchical.ThrowableCollector.execute(ThrowableCollector.java:73) ~[junit-platform-engine-1.7.0.jar:1.7.0]
	at org.junit.platform.engine.support.hierarchical.NodeTestTask.executeRecursively(NodeTestTask.java:126) ~[junit-platform-engine-1.7.0.jar:1.7.0]
	at org.junit.platform.engine.support.hierarchical.NodeTestTask.execute(NodeTestTask.java:84) ~[junit-platform-engine-1.7.0.jar:1.7.0]
	at java.util.ArrayList.forEach(ArrayList.java:1259) ~[na:1.8.0_312]
	at org.junit.platform.engine.support.hierarchical.SameThreadHierarchicalTestExecutorService.invokeAll(SameThreadHierarchicalTestExecutorService.java:38) ~[junit-platform-engine-1.7.0.jar:1.7.0]
	at org.junit.platform.engine.support.hierarchical.NodeTestTask.lambda$executeRecursively$5(NodeTestTask.java:143) ~[junit-platform-engine-1.7.0.jar:1.7.0]
	at org.junit.platform.engine.support.hierarchical.ThrowableCollector.execute(ThrowableCollector.java:73) ~[junit-platform-engine-1.7.0.jar:1.7.0]
	at org.junit.platform.engine.support.hierarchical.NodeTestTask.lambda$executeRecursively$7(NodeTestTask.java:129) ~[junit-platform-engine-1.7.0.jar:1.7.0]
	at org.junit.platform.engine.support.hierarchical.Node.around(Node.java:137) ~[junit-platform-engine-1.7.0.jar:1.7.0]
	at org.junit.platform.engine.support.hierarchical.NodeTestTask.lambda$executeRecursively$8(NodeTestTask.java:127) ~[junit-platform-engine-1.7.0.jar:1.7.0]
	at org.junit.platform.engine.support.hierarchical.ThrowableCollector.execute(ThrowableCollector.java:73) ~[junit-platform-engine-1.7.0.jar:1.7.0]
	at org.junit.platform.engine.support.hierarchical.NodeTestTask.executeRecursively(NodeTestTask.java:126) ~[junit-platform-engine-1.7.0.jar:1.7.0]
	at org.junit.platform.engine.support.hierarchical.NodeTestTask.execute(NodeTestTask.java:84) ~[junit-platform-engine-1.7.0.jar:1.7.0]
	at org.junit.platform.engine.support.hierarchical.SameThreadHierarchicalTestExecutorService.submit(SameThreadHierarchicalTestExecutorService.java:32) ~[junit-platform-engine-1.7.0.jar:1.7.0]
	at org.junit.platform.engine.support.hierarchical.HierarchicalTestExecutor.execute(HierarchicalTestExecutor.java:57) ~[junit-platform-engine-1.7.0.jar:1.7.0]
	at org.junit.platform.engine.support.hierarchical.HierarchicalTestEngine.execute(HierarchicalTestEngine.java:51) ~[junit-platform-engine-1.7.0.jar:1.7.0]
	at org.junit.platform.launcher.core.DefaultLauncher.execute(DefaultLauncher.java:220) ~[junit-platform-launcher-1.3.1.jar:1.3.1]
	at org.junit.platform.launcher.core.DefaultLauncher.lambda$execute$6(DefaultLauncher.java:188) ~[junit-platform-launcher-1.3.1.jar:1.3.1]
	at org.junit.platform.launcher.core.DefaultLauncher.withInterceptedStreams(DefaultLauncher.java:202) ~[junit-platform-launcher-1.3.1.jar:1.3.1]
	at org.junit.platform.launcher.core.DefaultLauncher.execute(DefaultLauncher.java:181) ~[junit-platform-launcher-1.3.1.jar:1.3.1]
	at org.junit.platform.launcher.core.DefaultLauncher.execute(DefaultLauncher.java:128) ~[junit-platform-launcher-1.3.1.jar:1.3.1]
	at org.apache.maven.surefire.junitplatform.JUnitPlatformProvider.invokeAllTests(JUnitPlatformProvider.java:150) ~[surefire-junit-platform-2.22.2.jar:2.22.2]
	at org.apache.maven.surefire.junitplatform.JUnitPlatformProvider.invoke(JUnitPlatformProvider.java:124) ~[surefire-junit-platform-2.22.2.jar:2.22.2]
	at org.apache.maven.surefire.booter.ForkedBooter.invokeProviderInSameClassLoader(ForkedBooter.java:384) ~[surefire-booter-2.22.2.jar:2.22.2]
	at org.apache.maven.surefire.booter.ForkedBooter.runSuitesInProcess(ForkedBooter.java:345) ~[surefire-booter-2.22.2.jar:2.22.2]
	at org.apache.maven.surefire.booter.ForkedBooter.execute(ForkedBooter.java:126) ~[surefire-booter-2.22.2.jar:2.22.2]
	at org.apache.maven.surefire.booter.ForkedBooter.main(ForkedBooter.java:418) ~[surefire-booter-2.22.2.jar:2.22.2]
Caused by: java.lang.IllegalStateException: Failed to introspect Class [com.yeweiyang.token.serivice.serviceImpl.JayServiceImpl] from ClassLoader [sun.misc.Launcher$AppClassLoader@3d4eac69]
	at org.springframework.util.ReflectionUtils.getDeclaredFields(ReflectionUtils.java:737) ~[spring-core-5.3.2.jar:5.3.2]
	at org.springframework.util.ReflectionUtils.doWithFields(ReflectionUtils.java:702) ~[spring-core-5.3.2.jar:5.3.2]
	at org.springframework.util.ReflectionUtils.doWithFields(ReflectionUtils.java:687) ~[spring-core-5.3.2.jar:5.3.2]
	at org.springframework.boot.test.mock.mockito.DefinitionsParser.parse(DefinitionsParser.java:65) ~[spring-boot-test-2.4.1.jar:2.4.1]
	at org.springframework.boot.test.mock.mockito.MockitoPostProcessor.postProcessBeanFactory(MockitoPostProcessor.java:135) ~[spring-boot-test-2.4.1.jar:2.4.1]
	at org.springframework.boot.test.mock.mockito.MockitoPostProcessor.postProcessBeanFactory(MockitoPostProcessor.java:128) ~[spring-boot-test-2.4.1.jar:2.4.1]
	at org.springframework.context.support.PostProcessorRegistrationDelegate.invokeBeanFactoryPostProcessors(PostProcessorRegistrationDelegate.java:299) ~[spring-context-5.3.2.jar:5.3.2]
	at org.springframework.context.support.PostProcessorRegistrationDelegate.invokeBeanFactoryPostProcessors(PostProcessorRegistrationDelegate.java:178) ~[spring-context-5.3.2.jar:5.3.2]
	at org.springframework.context.support.AbstractApplicationContext.invokeBeanFactoryPostProcessors(AbstractApplicationContext.java:751) ~[spring-context-5.3.2.jar:5.3.2]
	at org.springframework.context.support.AbstractApplicationContext.refresh(AbstractApplicationContext.java:569) ~[spring-context-5.3.2.jar:5.3.2]
	at org.springframework.boot.SpringApplication.refresh(SpringApplication.java:767) ~[spring-boot-2.4.1.jar:2.4.1]
	at org.springframework.boot.SpringApplication.refresh(SpringApplication.java:759) ~[spring-boot-2.4.1.jar:2.4.1]
	at org.springframework.boot.SpringApplication.refreshContext(SpringApplication.java:426) ~[spring-boot-2.4.1.jar:2.4.1]
	at org.springframework.boot.SpringApplication.run(SpringApplication.java:326) ~[spring-boot-2.4.1.jar:2.4.1]
	at org.springframework.boot.test.context.SpringBootContextLoader.loadContext(SpringBootContextLoader.java:122) ~[spring-boot-test-2.4.1.jar:2.4.1]
	at org.springframework.test.context.cache.DefaultCacheAwareContextLoaderDelegate.loadContextInternal(DefaultCacheAwareContextLoaderDelegate.java:99) ~[spring-test-5.3.2.jar:5.3.2]
	at org.springframework.test.context.cache.DefaultCacheAwareContextLoaderDelegate.loadContext(DefaultCacheAwareContextLoaderDelegate.java:124) ~[spring-test-5.3.2.jar:5.3.2]
	... 67 common frames omitted
Caused by: java.lang.VerifyError: class icu.mhb.mybatisplus.plugln.core.support.SupportJoinLambdaWrapper overrides final method initNeed.()V
	at java.lang.ClassLoader.defineClass1(Native Method) ~[na:1.8.0_312]
	at java.lang.ClassLoader.defineClass(ClassLoader.java:757) ~[na:1.8.0_312]
	at java.security.SecureClassLoader.defineClass(SecureClassLoader.java:142) ~[na:1.8.0_312]
	at java.net.URLClassLoader.defineClass(URLClassLoader.java:473) ~[na:1.8.0_312]
	at java.net.URLClassLoader.access$100(URLClassLoader.java:74) ~[na:1.8.0_312]
	at java.net.URLClassLoader$1.run(URLClassLoader.java:369) ~[na:1.8.0_312]
	at java.net.URLClassLoader$1.run(URLClassLoader.java:363) ~[na:1.8.0_312]
	at java.security.AccessController.doPrivileged(Native Method) ~[na:1.8.0_312]
	at java.net.URLClassLoader.findClass(URLClassLoader.java:362) ~[na:1.8.0_312]
	at java.lang.ClassLoader.loadClass(ClassLoader.java:419) ~[na:1.8.0_312]
	at sun.misc.Launcher$AppClassLoader.loadClass(Launcher.java:352) ~[na:1.8.0_312]
	at java.lang.ClassLoader.loadClass(ClassLoader.java:352) ~[na:1.8.0_312]
	at java.lang.ClassLoader.defineClass1(Native Method) ~[na:1.8.0_312]
	at java.lang.ClassLoader.defineClass(ClassLoader.java:757) ~[na:1.8.0_312]
	at java.security.SecureClassLoader.defineClass(SecureClassLoader.java:142) ~[na:1.8.0_312]
	at java.net.URLClassLoader.defineClass(URLClassLoader.java:473) ~[na:1.8.0_312]
	at java.net.URLClassLoader.access$100(URLClassLoader.java:74) ~[na:1.8.0_312]
	at java.net.URLClassLoader$1.run(URLClassLoader.java:369) ~[na:1.8.0_312]
	at java.net.URLClassLoader$1.run(URLClassLoader.java:363) ~[na:1.8.0_312]
	at java.security.AccessController.doPrivileged(Native Method) ~[na:1.8.0_312]
	at java.net.URLClassLoader.findClass(URLClassLoader.java:362) ~[na:1.8.0_312]
	at java.lang.ClassLoader.loadClass(ClassLoader.java:419) ~[na:1.8.0_312]
	at sun.misc.Launcher$AppClassLoader.loadClass(Launcher.java:352) ~[na:1.8.0_312]
	at java.lang.ClassLoader.loadClass(ClassLoader.java:352) ~[na:1.8.0_312]
	at java.lang.Class.getDeclaredFields0(Native Method) ~[na:1.8.0_312]
	at java.lang.Class.privateGetDeclaredFields(Class.java:2583) ~[na:1.8.0_312]
	at java.lang.Class.getDeclaredFields(Class.java:1916) ~[na:1.8.0_312]
	at org.springframework.util.ReflectionUtils.getDeclaredFields(ReflectionUtils.java:732) ~[spring-core-5.3.2.jar:5.3.2]
	... 83 common frames omitted

]]></system-out>
  </testcase>
</testsuite>